2022-04-04 19:23:08,341 INFO  [main] root: KVServer initialized on port 50007
2022-04-04 19:23:08,342 INFO  [Thread-0] root: Initializing server socket
2022-04-04 19:23:08,355 INFO  [Thread-0] root: Server listening on port: 50007
2022-04-04 19:23:08,355 INFO  [Thread-0] root: Waiting for ECS on 0.0.0.0:50007
2022-04-04 19:23:09,083 INFO  [Thread-0] root: Bound to ECS on /127.0.0.1:55929
2022-04-04 19:23:09,083 INFO  [Thread-0] root: Listening for client socket connection
2022-04-04 19:23:09,340 INFO  [Thread-1] root: Waiting for message from ECS
2022-04-04 19:23:09,388 INFO  [Thread-1] root: Received message from ECS msg: UPDATE| of status: UPDATE
2022-04-04 19:23:09,389 INFO  [Thread-1] root: UPDATE Server 0.0.0.0:50007
2022-04-04 19:23:09,389 INFO  [Thread-1] root: Sending message to ecs: msg: | of status: UPDATE_ACK
2022-04-04 19:23:09,392 INFO  [Thread-1] root: Successful Sending message to ecs: msg: | of status: UPDATE_ACK
2022-04-04 19:23:09,394 INFO  [Thread-1] root: Waiting for message from ECS
2022-04-04 19:23:09,412 INFO  [Thread-1] root: Received message from ECS msg: UPDATE| of status: UPDATE
2022-04-04 19:23:09,413 INFO  [Thread-1] root: UPDATE Server 0.0.0.0:50007
2022-04-04 19:23:09,413 INFO  [Thread-1] root: Sending message to ecs: msg: | of status: UPDATE_ACK
2022-04-04 19:23:09,413 INFO  [Thread-1] root: Successful Sending message to ecs: msg: | of status: UPDATE_ACK
2022-04-04 19:23:09,413 INFO  [Thread-1] root: Waiting for message from ECS
2022-04-04 19:23:12,489 INFO  [Thread-0] root: Client socket connection successful
2022-04-04 19:23:12,497 ERROR [Thread-2] root: Error! Connection could not be established!
java.net.SocketException: Connection reset
	at java.net.SocketInputStream.read(SocketInputStream.java:210)
	at java.net.SocketInputStream.read(SocketInputStream.java:141)
	at java.io.ObjectInputStream$PeekInputStream.read(ObjectInputStream.java:2837)
	at java.io.ObjectInputStream$PeekInputStream.readFully(ObjectInputStream.java:2853)
	at java.io.ObjectInputStream$BlockDataInputStream.readShort(ObjectInputStream.java:3330)
	at java.io.ObjectInputStream.readStreamHeader(ObjectInputStream.java:939)
	at java.io.ObjectInputStream.<init>(ObjectInputStream.java:401)
	at app_kvServer.ClientConnection.run(ClientConnection.java:47)
	at java.lang.Thread.run(Thread.java:750)
2022-04-04 19:23:12,500 INFO  [Thread-0] root: Connected to localhost on port 55958
2022-04-04 19:23:12,501 INFO  [Thread-0] root: Listening for client socket connection
2022-04-04 19:23:17,495 INFO  [Thread-0] root: Client socket connection successful
2022-04-04 19:23:17,497 ERROR [Thread-3] root: Error! Connection could not be established!
java.net.SocketException: Connection reset
	at java.net.SocketInputStream.read(SocketInputStream.java:210)
	at java.net.SocketInputStream.read(SocketInputStream.java:141)
	at java.io.ObjectInputStream$PeekInputStream.read(ObjectInputStream.java:2837)
	at java.io.ObjectInputStream$PeekInputStream.readFully(ObjectInputStream.java:2853)
	at java.io.ObjectInputStream$BlockDataInputStream.readShort(ObjectInputStream.java:3330)
	at java.io.ObjectInputStream.readStreamHeader(ObjectInputStream.java:939)
	at java.io.ObjectInputStream.<init>(ObjectInputStream.java:401)
	at app_kvServer.ClientConnection.run(ClientConnection.java:47)
	at java.lang.Thread.run(Thread.java:750)
2022-04-04 19:23:17,497 INFO  [Thread-0] root: Connected to localhost on port 56003
2022-04-04 19:23:17,499 INFO  [Thread-0] root: Listening for client socket connection
2022-04-04 19:23:22,500 INFO  [Thread-0] root: Client socket connection successful
2022-04-04 19:23:22,504 ERROR [Thread-4] root: Error! Connection could not be established!
java.net.SocketException: Connection reset
	at java.net.SocketInputStream.read(SocketInputStream.java:210)
	at java.net.SocketInputStream.read(SocketInputStream.java:141)
	at java.io.ObjectInputStream$PeekInputStream.read(ObjectInputStream.java:2837)
	at java.io.ObjectInputStream$PeekInputStream.readFully(ObjectInputStream.java:2853)
	at java.io.ObjectInputStream$BlockDataInputStream.readShort(ObjectInputStream.java:3330)
	at java.io.ObjectInputStream.readStreamHeader(ObjectInputStream.java:939)
	at java.io.ObjectInputStream.<init>(ObjectInputStream.java:401)
	at app_kvServer.ClientConnection.run(ClientConnection.java:47)
	at java.lang.Thread.run(Thread.java:750)
2022-04-04 19:23:22,506 INFO  [Thread-0] root: Connected to localhost on port 56043
2022-04-04 19:23:22,507 INFO  [Thread-0] root: Listening for client socket connection
2022-04-04 19:23:27,503 INFO  [Thread-0] root: Client socket connection successful
2022-04-04 19:23:27,504 ERROR [Thread-5] root: Error! Connection could not be established!
java.net.SocketException: Connection reset
	at java.net.SocketInputStream.read(SocketInputStream.java:210)
	at java.net.SocketInputStream.read(SocketInputStream.java:141)
	at java.io.ObjectInputStream$PeekInputStream.read(ObjectInputStream.java:2837)
	at java.io.ObjectInputStream$PeekInputStream.readFully(ObjectInputStream.java:2853)
	at java.io.ObjectInputStream$BlockDataInputStream.readShort(ObjectInputStream.java:3330)
	at java.io.ObjectInputStream.readStreamHeader(ObjectInputStream.java:939)
	at java.io.ObjectInputStream.<init>(ObjectInputStream.java:401)
	at app_kvServer.ClientConnection.run(ClientConnection.java:47)
	at java.lang.Thread.run(Thread.java:750)
2022-04-04 19:23:27,504 INFO  [Thread-0] root: Connected to localhost on port 56087
2022-04-04 19:23:27,505 INFO  [Thread-0] root: Listening for client socket connection
2022-04-04 19:23:32,504 INFO  [Thread-0] root: Client socket connection successful
2022-04-04 19:23:32,505 ERROR [Thread-6] root: Error! Connection could not be established!
java.net.SocketException: Connection reset
	at java.net.SocketInputStream.read(SocketInputStream.java:210)
	at java.net.SocketInputStream.read(SocketInputStream.java:141)
	at java.io.ObjectInputStream$PeekInputStream.read(ObjectInputStream.java:2837)
	at java.io.ObjectInputStream$PeekInputStream.readFully(ObjectInputStream.java:2853)
	at java.io.ObjectInputStream$BlockDataInputStream.readShort(ObjectInputStream.java:3330)
	at java.io.ObjectInputStream.readStreamHeader(ObjectInputStream.java:939)
	at java.io.ObjectInputStream.<init>(ObjectInputStream.java:401)
	at app_kvServer.ClientConnection.run(ClientConnection.java:47)
	at java.lang.Thread.run(Thread.java:750)
2022-04-04 19:23:32,506 INFO  [Thread-0] root: Connected to localhost on port 56128
2022-04-04 19:23:32,507 INFO  [Thread-0] root: Listening for client socket connection
2022-04-04 19:23:37,508 INFO  [Thread-0] root: Client socket connection successful
2022-04-04 19:23:37,509 ERROR [Thread-7] root: Error! Connection could not be established!
java.net.SocketException: Connection reset
	at java.net.SocketInputStream.read(SocketInputStream.java:210)
	at java.net.SocketInputStream.read(SocketInputStream.java:141)
	at java.io.ObjectInputStream$PeekInputStream.read(ObjectInputStream.java:2837)
	at java.io.ObjectInputStream$PeekInputStream.readFully(ObjectInputStream.java:2853)
	at java.io.ObjectInputStream$BlockDataInputStream.readShort(ObjectInputStream.java:3330)
	at java.io.ObjectInputStream.readStreamHeader(ObjectInputStream.java:939)
	at java.io.ObjectInputStream.<init>(ObjectInputStream.java:401)
	at app_kvServer.ClientConnection.run(ClientConnection.java:47)
	at java.lang.Thread.run(Thread.java:750)
2022-04-04 19:23:37,509 INFO  [Thread-0] root: Connected to localhost on port 56168
2022-04-04 19:23:37,509 INFO  [Thread-0] root: Listening for client socket connection
2022-04-04 19:23:42,517 INFO  [Thread-0] root: Client socket connection successful
2022-04-04 19:23:42,518 ERROR [Thread-8] root: Error! Connection could not be established!
java.net.SocketException: Connection reset
	at java.net.SocketInputStream.read(SocketInputStream.java:210)
	at java.net.SocketInputStream.read(SocketInputStream.java:141)
	at java.io.ObjectInputStream$PeekInputStream.read(ObjectInputStream.java:2837)
	at java.io.ObjectInputStream$PeekInputStream.readFully(ObjectInputStream.java:2853)
	at java.io.ObjectInputStream$BlockDataInputStream.readShort(ObjectInputStream.java:3330)
	at java.io.ObjectInputStream.readStreamHeader(ObjectInputStream.java:939)
	at java.io.ObjectInputStream.<init>(ObjectInputStream.java:401)
	at app_kvServer.ClientConnection.run(ClientConnection.java:47)
	at java.lang.Thread.run(Thread.java:750)
2022-04-04 19:23:42,520 INFO  [Thread-0] root: Connected to localhost on port 56198
2022-04-04 19:23:42,520 INFO  [Thread-0] root: Listening for client socket connection
2022-04-04 19:23:47,519 INFO  [Thread-0] root: Client socket connection successful
2022-04-04 19:23:47,520 ERROR [Thread-9] root: Error! Connection could not be established!
java.net.SocketException: Connection reset
	at java.net.SocketInputStream.read(SocketInputStream.java:210)
	at java.net.SocketInputStream.read(SocketInputStream.java:141)
	at java.io.ObjectInputStream$PeekInputStream.read(ObjectInputStream.java:2837)
	at java.io.ObjectInputStream$PeekInputStream.readFully(ObjectInputStream.java:2853)
	at java.io.ObjectInputStream$BlockDataInputStream.readShort(ObjectInputStream.java:3330)
	at java.io.ObjectInputStream.readStreamHeader(ObjectInputStream.java:939)
	at java.io.ObjectInputStream.<init>(ObjectInputStream.java:401)
	at app_kvServer.ClientConnection.run(ClientConnection.java:47)
	at java.lang.Thread.run(Thread.java:750)
2022-04-04 19:23:47,520 INFO  [Thread-0] root: Connected to localhost on port 56236
2022-04-04 19:23:47,520 INFO  [Thread-0] root: Listening for client socket connection
2022-04-04 19:23:52,522 INFO  [Thread-0] root: Client socket connection successful
2022-04-04 19:23:52,523 ERROR [Thread-10] root: Error! Connection could not be established!
java.net.SocketException: Connection reset
	at java.net.SocketInputStream.read(SocketInputStream.java:210)
	at java.net.SocketInputStream.read(SocketInputStream.java:141)
	at java.io.ObjectInputStream$PeekInputStream.read(ObjectInputStream.java:2837)
	at java.io.ObjectInputStream$PeekInputStream.readFully(ObjectInputStream.java:2853)
	at java.io.ObjectInputStream$BlockDataInputStream.readShort(ObjectInputStream.java:3330)
	at java.io.ObjectInputStream.readStreamHeader(ObjectInputStream.java:939)
	at java.io.ObjectInputStream.<init>(ObjectInputStream.java:401)
	at app_kvServer.ClientConnection.run(ClientConnection.java:47)
	at java.lang.Thread.run(Thread.java:750)
2022-04-04 19:23:52,524 INFO  [Thread-0] root: Connected to localhost on port 56272
2022-04-04 19:23:52,524 INFO  [Thread-0] root: Listening for client socket connection
2022-04-04 19:23:57,528 INFO  [Thread-0] root: Client socket connection successful
2022-04-04 19:23:57,528 ERROR [Thread-11] root: Error! Connection could not be established!
java.net.SocketException: Connection reset
	at java.net.SocketInputStream.read(SocketInputStream.java:210)
	at java.net.SocketInputStream.read(SocketInputStream.java:141)
	at java.io.ObjectInputStream$PeekInputStream.read(ObjectInputStream.java:2837)
	at java.io.ObjectInputStream$PeekInputStream.readFully(ObjectInputStream.java:2853)
	at java.io.ObjectInputStream$BlockDataInputStream.readShort(ObjectInputStream.java:3330)
	at java.io.ObjectInputStream.readStreamHeader(ObjectInputStream.java:939)
	at java.io.ObjectInputStream.<init>(ObjectInputStream.java:401)
	at app_kvServer.ClientConnection.run(ClientConnection.java:47)
	at java.lang.Thread.run(Thread.java:750)
2022-04-04 19:23:57,529 INFO  [Thread-0] root: Connected to localhost on port 56307
2022-04-04 19:23:57,529 INFO  [Thread-0] root: Listening for client socket connection
2022-04-04 19:24:02,536 INFO  [Thread-0] root: Client socket connection successful
2022-04-04 19:24:02,541 ERROR [Thread-12] root: Error! Connection could not be established!
java.net.SocketException: Connection reset
	at java.net.SocketInputStream.read(SocketInputStream.java:210)
	at java.net.SocketInputStream.read(SocketInputStream.java:141)
	at java.io.ObjectInputStream$PeekInputStream.read(ObjectInputStream.java:2837)
	at java.io.ObjectInputStream$PeekInputStream.readFully(ObjectInputStream.java:2853)
	at java.io.ObjectInputStream$BlockDataInputStream.readShort(ObjectInputStream.java:3330)
	at java.io.ObjectInputStream.readStreamHeader(ObjectInputStream.java:939)
	at java.io.ObjectInputStream.<init>(ObjectInputStream.java:401)
	at app_kvServer.ClientConnection.run(ClientConnection.java:47)
	at java.lang.Thread.run(Thread.java:750)
2022-04-04 19:24:02,543 INFO  [Thread-0] root: Connected to localhost on port 56349
2022-04-04 19:24:02,543 INFO  [Thread-0] root: Listening for client socket connection
2022-04-04 19:24:07,538 INFO  [Thread-0] root: Client socket connection successful
2022-04-04 19:24:07,539 ERROR [Thread-13] root: Error! Connection could not be established!
java.net.SocketException: Connection reset
	at java.net.SocketInputStream.read(SocketInputStream.java:210)
	at java.net.SocketInputStream.read(SocketInputStream.java:141)
	at java.io.ObjectInputStream$PeekInputStream.read(ObjectInputStream.java:2837)
	at java.io.ObjectInputStream$PeekInputStream.readFully(ObjectInputStream.java:2853)
	at java.io.ObjectInputStream$BlockDataInputStream.readShort(ObjectInputStream.java:3330)
	at java.io.ObjectInputStream.readStreamHeader(ObjectInputStream.java:939)
	at java.io.ObjectInputStream.<init>(ObjectInputStream.java:401)
	at app_kvServer.ClientConnection.run(ClientConnection.java:47)
	at java.lang.Thread.run(Thread.java:750)
2022-04-04 19:24:07,539 INFO  [Thread-0] root: Connected to localhost on port 56382
2022-04-04 19:24:07,540 INFO  [Thread-0] root: Listening for client socket connection
2022-04-04 19:24:12,544 INFO  [Thread-0] root: Client socket connection successful
2022-04-04 19:24:12,546 ERROR [Thread-14] root: Error! Connection could not be established!
java.net.SocketException: Connection reset
	at java.net.SocketInputStream.read(SocketInputStream.java:210)
	at java.net.SocketInputStream.read(SocketInputStream.java:141)
	at java.io.ObjectInputStream$PeekInputStream.read(ObjectInputStream.java:2837)
	at java.io.ObjectInputStream$PeekInputStream.readFully(ObjectInputStream.java:2853)
	at java.io.ObjectInputStream$BlockDataInputStream.readShort(ObjectInputStream.java:3330)
	at java.io.ObjectInputStream.readStreamHeader(ObjectInputStream.java:939)
	at java.io.ObjectInputStream.<init>(ObjectInputStream.java:401)
	at app_kvServer.ClientConnection.run(ClientConnection.java:47)
	at java.lang.Thread.run(Thread.java:750)
2022-04-04 19:24:12,548 INFO  [Thread-0] root: Connected to localhost on port 56415
2022-04-04 19:24:12,548 INFO  [Thread-0] root: Listening for client socket connection
2022-04-04 19:24:17,548 INFO  [Thread-0] root: Client socket connection successful
2022-04-04 19:24:17,549 ERROR [Thread-15] root: Error! Connection could not be established!
java.net.SocketException: Connection reset
	at java.net.SocketInputStream.read(SocketInputStream.java:210)
	at java.net.SocketInputStream.read(SocketInputStream.java:141)
	at java.io.ObjectInputStream$PeekInputStream.read(ObjectInputStream.java:2837)
	at java.io.ObjectInputStream$PeekInputStream.readFully(ObjectInputStream.java:2853)
	at java.io.ObjectInputStream$BlockDataInputStream.readShort(ObjectInputStream.java:3330)
	at java.io.ObjectInputStream.readStreamHeader(ObjectInputStream.java:939)
	at java.io.ObjectInputStream.<init>(ObjectInputStream.java:401)
	at app_kvServer.ClientConnection.run(ClientConnection.java:47)
	at java.lang.Thread.run(Thread.java:750)
2022-04-04 19:24:17,550 INFO  [Thread-0] root: Connected to localhost on port 56458
2022-04-04 19:24:17,550 INFO  [Thread-0] root: Listening for client socket connection
2022-04-04 19:24:17,814 INFO  [Thread-0] root: Client socket connection successful
2022-04-04 19:24:17,816 INFO  [Thread-0] root: Connected to localhost on port 56461
2022-04-04 19:24:17,816 INFO  [Thread-0] root: Listening for client socket connection
2022-04-04 19:24:17,816 INFO  [Thread-16] root: Waiting to receive message from client
2022-04-04 19:24:22,555 INFO  [Thread-0] root: Client socket connection successful
2022-04-04 19:24:22,559 ERROR [Thread-17] root: Error! Connection could not be established!
java.net.SocketException: Connection reset
	at java.net.SocketInputStream.read(SocketInputStream.java:210)
	at java.net.SocketInputStream.read(SocketInputStream.java:141)
	at java.io.ObjectInputStream$PeekInputStream.read(ObjectInputStream.java:2837)
	at java.io.ObjectInputStream$PeekInputStream.readFully(ObjectInputStream.java:2853)
	at java.io.ObjectInputStream$BlockDataInputStream.readShort(ObjectInputStream.java:3330)
	at java.io.ObjectInputStream.readStreamHeader(ObjectInputStream.java:939)
	at java.io.ObjectInputStream.<init>(ObjectInputStream.java:401)
	at app_kvServer.ClientConnection.run(ClientConnection.java:47)
	at java.lang.Thread.run(Thread.java:750)
2022-04-04 19:24:22,559 INFO  [Thread-0] root: Connected to localhost on port 56504
2022-04-04 19:24:22,560 INFO  [Thread-0] root: Listening for client socket connection
2022-04-04 19:24:27,560 INFO  [Thread-0] root: Client socket connection successful
2022-04-04 19:24:27,562 ERROR [Thread-18] root: Error! Connection could not be established!
java.io.EOFException
	at java.io.ObjectInputStream$PeekInputStream.readFully(ObjectInputStream.java:2855)
	at java.io.ObjectInputStream$BlockDataInputStream.readShort(ObjectInputStream.java:3330)
	at java.io.ObjectInputStream.readStreamHeader(ObjectInputStream.java:939)
	at java.io.ObjectInputStream.<init>(ObjectInputStream.java:401)
	at app_kvServer.ClientConnection.run(ClientConnection.java:47)
	at java.lang.Thread.run(Thread.java:750)
2022-04-04 19:24:27,563 INFO  [Thread-0] root: Connected to localhost on port 56543
2022-04-04 19:24:27,563 INFO  [Thread-0] root: Listening for client socket connection
2022-04-04 19:24:32,565 INFO  [Thread-0] root: Client socket connection successful
2022-04-04 19:24:32,566 ERROR [Thread-19] root: Error! Connection could not be established!
java.net.SocketException: Connection reset
	at java.net.SocketInputStream.read(SocketInputStream.java:210)
	at java.net.SocketInputStream.read(SocketInputStream.java:141)
	at java.io.ObjectInputStream$PeekInputStream.read(ObjectInputStream.java:2837)
	at java.io.ObjectInputStream$PeekInputStream.readFully(ObjectInputStream.java:2853)
	at java.io.ObjectInputStream$BlockDataInputStream.readShort(ObjectInputStream.java:3330)
	at java.io.ObjectInputStream.readStreamHeader(ObjectInputStream.java:939)
	at java.io.ObjectInputStream.<init>(ObjectInputStream.java:401)
	at app_kvServer.ClientConnection.run(ClientConnection.java:47)
	at java.lang.Thread.run(Thread.java:750)
2022-04-04 19:24:32,568 INFO  [Thread-0] root: Connected to localhost on port 56586
2022-04-04 19:24:32,568 INFO  [Thread-0] root: Listening for client socket connection
2022-04-04 19:24:37,570 INFO  [Thread-0] root: Client socket connection successful
2022-04-04 19:24:37,572 ERROR [Thread-20] root: Error! Connection could not be established!
java.net.SocketException: Connection reset
	at java.net.SocketInputStream.read(SocketInputStream.java:210)
	at java.net.SocketInputStream.read(SocketInputStream.java:141)
	at java.io.ObjectInputStream$PeekInputStream.read(ObjectInputStream.java:2837)
	at java.io.ObjectInputStream$PeekInputStream.readFully(ObjectInputStream.java:2853)
	at java.io.ObjectInputStream$BlockDataInputStream.readShort(ObjectInputStream.java:3330)
	at java.io.ObjectInputStream.readStreamHeader(ObjectInputStream.java:939)
	at java.io.ObjectInputStream.<init>(ObjectInputStream.java:401)
	at app_kvServer.ClientConnection.run(ClientConnection.java:47)
	at java.lang.Thread.run(Thread.java:750)
2022-04-04 19:24:37,573 INFO  [Thread-0] root: Connected to localhost on port 56627
2022-04-04 19:24:37,574 INFO  [Thread-0] root: Listening for client socket connection
2022-04-04 19:24:42,576 INFO  [Thread-0] root: Client socket connection successful
2022-04-04 19:24:42,577 ERROR [Thread-21] root: Error! Connection could not be established!
java.net.SocketException: Connection reset
	at java.net.SocketInputStream.read(SocketInputStream.java:210)
	at java.net.SocketInputStream.read(SocketInputStream.java:141)
	at java.io.ObjectInputStream$PeekInputStream.read(ObjectInputStream.java:2837)
	at java.io.ObjectInputStream$PeekInputStream.readFully(ObjectInputStream.java:2853)
	at java.io.ObjectInputStream$BlockDataInputStream.readShort(ObjectInputStream.java:3330)
	at java.io.ObjectInputStream.readStreamHeader(ObjectInputStream.java:939)
	at java.io.ObjectInputStream.<init>(ObjectInputStream.java:401)
	at app_kvServer.ClientConnection.run(ClientConnection.java:47)
	at java.lang.Thread.run(Thread.java:750)
2022-04-04 19:24:42,578 INFO  [Thread-0] root: Connected to localhost on port 56671
2022-04-04 19:24:42,579 INFO  [Thread-0] root: Listening for client socket connection
2022-04-04 19:24:47,578 INFO  [Thread-0] root: Client socket connection successful
2022-04-04 19:24:47,579 ERROR [Thread-22] root: Error! Connection could not be established!
java.net.SocketException: Connection reset
	at java.net.SocketInputStream.read(SocketInputStream.java:210)
	at java.net.SocketInputStream.read(SocketInputStream.java:141)
	at java.io.ObjectInputStream$PeekInputStream.read(ObjectInputStream.java:2837)
	at java.io.ObjectInputStream$PeekInputStream.readFully(ObjectInputStream.java:2853)
	at java.io.ObjectInputStream$BlockDataInputStream.readShort(ObjectInputStream.java:3330)
	at java.io.ObjectInputStream.readStreamHeader(ObjectInputStream.java:939)
	at java.io.ObjectInputStream.<init>(ObjectInputStream.java:401)
	at app_kvServer.ClientConnection.run(ClientConnection.java:47)
	at java.lang.Thread.run(Thread.java:750)
2022-04-04 19:24:47,580 INFO  [Thread-0] root: Connected to localhost on port 56704
2022-04-04 19:24:47,580 INFO  [Thread-0] root: Listening for client socket connection
2022-04-04 19:24:52,582 INFO  [Thread-0] root: Client socket connection successful
2022-04-04 19:24:52,582 ERROR [Thread-23] root: Error! Connection could not be established!
java.net.SocketException: Connection reset
	at java.net.SocketInputStream.read(SocketInputStream.java:210)
	at java.net.SocketInputStream.read(SocketInputStream.java:141)
	at java.io.ObjectInputStream$PeekInputStream.read(ObjectInputStream.java:2837)
	at java.io.ObjectInputStream$PeekInputStream.readFully(ObjectInputStream.java:2853)
	at java.io.ObjectInputStream$BlockDataInputStream.readShort(ObjectInputStream.java:3330)
	at java.io.ObjectInputStream.readStreamHeader(ObjectInputStream.java:939)
	at java.io.ObjectInputStream.<init>(ObjectInputStream.java:401)
	at app_kvServer.ClientConnection.run(ClientConnection.java:47)
	at java.lang.Thread.run(Thread.java:750)
2022-04-04 19:24:52,583 INFO  [Thread-0] root: Connected to localhost on port 56741
2022-04-04 19:24:52,585 INFO  [Thread-0] root: Listening for client socket connection
2022-04-04 19:24:57,587 INFO  [Thread-0] root: Client socket connection successful
2022-04-04 19:24:57,588 ERROR [Thread-24] root: Error! Connection could not be established!
java.net.SocketException: Connection reset
	at java.net.SocketInputStream.read(SocketInputStream.java:210)
	at java.net.SocketInputStream.read(SocketInputStream.java:141)
	at java.io.ObjectInputStream$PeekInputStream.read(ObjectInputStream.java:2837)
	at java.io.ObjectInputStream$PeekInputStream.readFully(ObjectInputStream.java:2853)
	at java.io.ObjectInputStream$BlockDataInputStream.readShort(ObjectInputStream.java:3330)
	at java.io.ObjectInputStream.readStreamHeader(ObjectInputStream.java:939)
	at java.io.ObjectInputStream.<init>(ObjectInputStream.java:401)
	at app_kvServer.ClientConnection.run(ClientConnection.java:47)
	at java.lang.Thread.run(Thread.java:750)
2022-04-04 19:24:57,589 INFO  [Thread-0] root: Connected to localhost on port 56782
2022-04-04 19:24:57,589 INFO  [Thread-0] root: Listening for client socket connection
2022-04-04 19:25:02,594 INFO  [Thread-0] root: Client socket connection successful
2022-04-04 19:25:02,597 ERROR [Thread-25] root: Error! Connection could not be established!
java.net.SocketException: Connection reset
	at java.net.SocketInputStream.read(SocketInputStream.java:210)
	at java.net.SocketInputStream.read(SocketInputStream.java:141)
	at java.io.ObjectInputStream$PeekInputStream.read(ObjectInputStream.java:2837)
	at java.io.ObjectInputStream$PeekInputStream.readFully(ObjectInputStream.java:2853)
	at java.io.ObjectInputStream$BlockDataInputStream.readShort(ObjectInputStream.java:3330)
	at java.io.ObjectInputStream.readStreamHeader(ObjectInputStream.java:939)
	at java.io.ObjectInputStream.<init>(ObjectInputStream.java:401)
	at app_kvServer.ClientConnection.run(ClientConnection.java:47)
	at java.lang.Thread.run(Thread.java:750)
2022-04-04 19:25:02,599 INFO  [Thread-0] root: Connected to localhost on port 56822
2022-04-04 19:25:02,599 INFO  [Thread-0] root: Listening for client socket connection
2022-04-04 19:25:07,599 INFO  [Thread-0] root: Client socket connection successful
2022-04-04 19:25:07,599 ERROR [Thread-26] root: Error! Connection could not be established!
java.net.SocketException: Connection reset
	at java.net.SocketInputStream.read(SocketInputStream.java:210)
	at java.net.SocketInputStream.read(SocketInputStream.java:141)
	at java.io.ObjectInputStream$PeekInputStream.read(ObjectInputStream.java:2837)
	at java.io.ObjectInputStream$PeekInputStream.readFully(ObjectInputStream.java:2853)
	at java.io.ObjectInputStream$BlockDataInputStream.readShort(ObjectInputStream.java:3330)
	at java.io.ObjectInputStream.readStreamHeader(ObjectInputStream.java:939)
	at java.io.ObjectInputStream.<init>(ObjectInputStream.java:401)
	at app_kvServer.ClientConnection.run(ClientConnection.java:47)
	at java.lang.Thread.run(Thread.java:750)
2022-04-04 19:25:07,600 INFO  [Thread-0] root: Connected to localhost on port 56855
2022-04-04 19:25:07,600 INFO  [Thread-0] root: Listening for client socket connection
2022-04-04 19:25:12,604 INFO  [Thread-0] root: Client socket connection successful
2022-04-04 19:25:12,605 ERROR [Thread-27] root: Error! Connection could not be established!
java.net.SocketException: Connection reset
	at java.net.SocketInputStream.read(SocketInputStream.java:210)
	at java.net.SocketInputStream.read(SocketInputStream.java:141)
	at java.io.ObjectInputStream$PeekInputStream.read(ObjectInputStream.java:2837)
	at java.io.ObjectInputStream$PeekInputStream.readFully(ObjectInputStream.java:2853)
	at java.io.ObjectInputStream$BlockDataInputStream.readShort(ObjectInputStream.java:3330)
	at java.io.ObjectInputStream.readStreamHeader(ObjectInputStream.java:939)
	at java.io.ObjectInputStream.<init>(ObjectInputStream.java:401)
	at app_kvServer.ClientConnection.run(ClientConnection.java:47)
	at java.lang.Thread.run(Thread.java:750)
2022-04-04 19:25:12,606 INFO  [Thread-0] root: Connected to localhost on port 56897
2022-04-04 19:25:12,606 INFO  [Thread-0] root: Listening for client socket connection
2022-04-04 19:25:17,609 INFO  [Thread-0] root: Client socket connection successful
2022-04-04 19:25:17,610 ERROR [Thread-28] root: Error! Connection could not be established!
java.net.SocketException: Connection reset
	at java.net.SocketInputStream.read(SocketInputStream.java:210)
	at java.net.SocketInputStream.read(SocketInputStream.java:141)
	at java.io.ObjectInputStream$PeekInputStream.read(ObjectInputStream.java:2837)
	at java.io.ObjectInputStream$PeekInputStream.readFully(ObjectInputStream.java:2853)
	at java.io.ObjectInputStream$BlockDataInputStream.readShort(ObjectInputStream.java:3330)
	at java.io.ObjectInputStream.readStreamHeader(ObjectInputStream.java:939)
	at java.io.ObjectInputStream.<init>(ObjectInputStream.java:401)
	at app_kvServer.ClientConnection.run(ClientConnection.java:47)
	at java.lang.Thread.run(Thread.java:750)
2022-04-04 19:25:17,611 INFO  [Thread-0] root: Connected to localhost on port 56939
2022-04-04 19:25:17,611 INFO  [Thread-0] root: Listening for client socket connection
2022-04-04 19:25:22,614 INFO  [Thread-0] root: Client socket connection successful
2022-04-04 19:25:22,615 ERROR [Thread-29] root: Error! Connection could not be established!
java.io.EOFException
	at java.io.ObjectInputStream$PeekInputStream.readFully(ObjectInputStream.java:2855)
	at java.io.ObjectInputStream$BlockDataInputStream.readShort(ObjectInputStream.java:3330)
	at java.io.ObjectInputStream.readStreamHeader(ObjectInputStream.java:939)
	at java.io.ObjectInputStream.<init>(ObjectInputStream.java:401)
	at app_kvServer.ClientConnection.run(ClientConnection.java:47)
	at java.lang.Thread.run(Thread.java:750)
2022-04-04 19:25:22,617 INFO  [Thread-0] root: Connected to localhost on port 56983
2022-04-04 19:25:22,617 INFO  [Thread-0] root: Listening for client socket connection
2022-04-04 19:25:27,617 INFO  [Thread-0] root: Client socket connection successful
2022-04-04 19:25:27,618 ERROR [Thread-30] root: Error! Connection could not be established!
java.io.EOFException
	at java.io.ObjectInputStream$PeekInputStream.readFully(ObjectInputStream.java:2855)
	at java.io.ObjectInputStream$BlockDataInputStream.readShort(ObjectInputStream.java:3330)
	at java.io.ObjectInputStream.readStreamHeader(ObjectInputStream.java:939)
	at java.io.ObjectInputStream.<init>(ObjectInputStream.java:401)
	at app_kvServer.ClientConnection.run(ClientConnection.java:47)
	at java.lang.Thread.run(Thread.java:750)
2022-04-04 19:25:27,618 INFO  [Thread-0] root: Connected to localhost on port 57026
2022-04-04 19:25:27,619 INFO  [Thread-0] root: Listening for client socket connection
2022-04-04 19:28:07,790 INFO  [main] root: KVServer initialized on port 50007
2022-04-04 19:28:07,792 INFO  [Thread-0] root: Initializing server socket
2022-04-04 19:28:07,805 INFO  [Thread-0] root: Server listening on port: 50007
2022-04-04 19:28:07,805 INFO  [Thread-0] root: Waiting for ECS on 0.0.0.0:50007
2022-04-04 19:28:08,526 INFO  [Thread-0] root: Bound to ECS on /127.0.0.1:58301
2022-04-04 19:28:08,527 INFO  [Thread-0] root: Listening for client socket connection
2022-04-04 19:28:08,635 INFO  [Thread-1] root: Waiting for message from ECS
2022-04-04 19:28:08,651 INFO  [Thread-1] root: Received message from ECS msg: UPDATE| of status: UPDATE
2022-04-04 19:28:08,652 INFO  [Thread-1] root: UPDATE Server 0.0.0.0:50007
2022-04-04 19:28:08,652 INFO  [Thread-1] root: Sending message to ecs: msg: | of status: UPDATE_ACK
2022-04-04 19:28:08,656 INFO  [Thread-1] root: Successful Sending message to ecs: msg: | of status: UPDATE_ACK
2022-04-04 19:28:08,656 INFO  [Thread-1] root: Waiting for message from ECS
2022-04-04 19:28:08,670 INFO  [Thread-1] root: Received message from ECS msg: UPDATE| of status: UPDATE
2022-04-04 19:28:08,671 INFO  [Thread-1] root: UPDATE Server 0.0.0.0:50007
2022-04-04 19:28:08,671 INFO  [Thread-1] root: Sending message to ecs: msg: | of status: UPDATE_ACK
2022-04-04 19:28:08,671 INFO  [Thread-1] root: Successful Sending message to ecs: msg: | of status: UPDATE_ACK
2022-04-04 19:28:08,671 INFO  [Thread-1] root: Waiting for message from ECS
2022-04-04 19:28:12,117 INFO  [Thread-0] root: Client socket connection successful
2022-04-04 19:28:12,122 ERROR [Thread-2] root: Error! Connection could not be established!
java.net.SocketException: Connection reset
	at java.net.SocketInputStream.read(SocketInputStream.java:210)
	at java.net.SocketInputStream.read(SocketInputStream.java:141)
	at java.io.ObjectInputStream$PeekInputStream.read(ObjectInputStream.java:2837)
	at java.io.ObjectInputStream$PeekInputStream.readFully(ObjectInputStream.java:2853)
	at java.io.ObjectInputStream$BlockDataInputStream.readShort(ObjectInputStream.java:3330)
	at java.io.ObjectInputStream.readStreamHeader(ObjectInputStream.java:939)
	at java.io.ObjectInputStream.<init>(ObjectInputStream.java:401)
	at app_kvServer.ClientConnection.run(ClientConnection.java:47)
	at java.lang.Thread.run(Thread.java:750)
2022-04-04 19:28:12,125 INFO  [Thread-0] root: Connected to localhost on port 58331
2022-04-04 19:28:12,125 INFO  [Thread-0] root: Listening for client socket connection
2022-04-04 19:28:17,123 INFO  [Thread-0] root: Client socket connection successful
2022-04-04 19:28:17,124 ERROR [Thread-3] root: Error! Connection could not be established!
java.io.EOFException
	at java.io.ObjectInputStream$PeekInputStream.readFully(ObjectInputStream.java:2855)
	at java.io.ObjectInputStream$BlockDataInputStream.readShort(ObjectInputStream.java:3330)
	at java.io.ObjectInputStream.readStreamHeader(ObjectInputStream.java:939)
	at java.io.ObjectInputStream.<init>(ObjectInputStream.java:401)
	at app_kvServer.ClientConnection.run(ClientConnection.java:47)
	at java.lang.Thread.run(Thread.java:750)
2022-04-04 19:28:17,124 INFO  [Thread-0] root: Connected to localhost on port 58368
2022-04-04 19:28:17,126 INFO  [Thread-0] root: Listening for client socket connection
2022-04-04 19:28:22,125 INFO  [Thread-0] root: Client socket connection successful
2022-04-04 19:28:22,126 ERROR [Thread-4] root: Error! Connection could not be established!
java.net.SocketException: Connection reset
	at java.net.SocketInputStream.read(SocketInputStream.java:210)
	at java.net.SocketInputStream.read(SocketInputStream.java:141)
	at java.io.ObjectInputStream$PeekInputStream.read(ObjectInputStream.java:2837)
	at java.io.ObjectInputStream$PeekInputStream.readFully(ObjectInputStream.java:2853)
	at java.io.ObjectInputStream$BlockDataInputStream.readShort(ObjectInputStream.java:3330)
	at java.io.ObjectInputStream.readStreamHeader(ObjectInputStream.java:939)
	at java.io.ObjectInputStream.<init>(ObjectInputStream.java:401)
	at app_kvServer.ClientConnection.run(ClientConnection.java:47)
	at java.lang.Thread.run(Thread.java:750)
2022-04-04 19:28:22,126 INFO  [Thread-0] root: Connected to localhost on port 58408
2022-04-04 19:28:22,127 INFO  [Thread-0] root: Listening for client socket connection
2022-04-04 19:28:27,131 INFO  [Thread-0] root: Client socket connection successful
2022-04-04 19:28:27,136 ERROR [Thread-5] root: Error! Connection could not be established!
java.net.SocketException: Connection reset
	at java.net.SocketInputStream.read(SocketInputStream.java:210)
	at java.net.SocketInputStream.read(SocketInputStream.java:141)
	at java.io.ObjectInputStream$PeekInputStream.read(ObjectInputStream.java:2837)
	at java.io.ObjectInputStream$PeekInputStream.readFully(ObjectInputStream.java:2853)
	at java.io.ObjectInputStream$BlockDataInputStream.readShort(ObjectInputStream.java:3330)
	at java.io.ObjectInputStream.readStreamHeader(ObjectInputStream.java:939)
	at java.io.ObjectInputStream.<init>(ObjectInputStream.java:401)
	at app_kvServer.ClientConnection.run(ClientConnection.java:47)
	at java.lang.Thread.run(Thread.java:750)
2022-04-04 19:28:27,137 INFO  [Thread-0] root: Connected to localhost on port 58452
2022-04-04 19:28:27,137 INFO  [Thread-0] root: Listening for client socket connection
2022-04-04 19:28:32,135 INFO  [Thread-0] root: Client socket connection successful
2022-04-04 19:28:32,136 ERROR [Thread-6] root: Error! Connection could not be established!
java.net.SocketException: Connection reset
	at java.net.SocketInputStream.read(SocketInputStream.java:210)
	at java.net.SocketInputStream.read(SocketInputStream.java:141)
	at java.io.ObjectInputStream$PeekInputStream.read(ObjectInputStream.java:2837)
	at java.io.ObjectInputStream$PeekInputStream.readFully(ObjectInputStream.java:2853)
	at java.io.ObjectInputStream$BlockDataInputStream.readShort(ObjectInputStream.java:3330)
	at java.io.ObjectInputStream.readStreamHeader(ObjectInputStream.java:939)
	at java.io.ObjectInputStream.<init>(ObjectInputStream.java:401)
	at app_kvServer.ClientConnection.run(ClientConnection.java:47)
	at java.lang.Thread.run(Thread.java:750)
2022-04-04 19:28:32,137 INFO  [Thread-0] root: Connected to localhost on port 58496
2022-04-04 19:28:32,138 INFO  [Thread-0] root: Listening for client socket connection
2022-04-04 19:28:37,140 INFO  [Thread-0] root: Client socket connection successful
2022-04-04 19:28:37,141 ERROR [Thread-7] root: Error! Connection could not be established!
java.net.SocketException: Connection reset
	at java.net.SocketInputStream.read(SocketInputStream.java:210)
	at java.net.SocketInputStream.read(SocketInputStream.java:141)
	at java.io.ObjectInputStream$PeekInputStream.read(ObjectInputStream.java:2837)
	at java.io.ObjectInputStream$PeekInputStream.readFully(ObjectInputStream.java:2853)
	at java.io.ObjectInputStream$BlockDataInputStream.readShort(ObjectInputStream.java:3330)
	at java.io.ObjectInputStream.readStreamHeader(ObjectInputStream.java:939)
	at java.io.ObjectInputStream.<init>(ObjectInputStream.java:401)
	at app_kvServer.ClientConnection.run(ClientConnection.java:47)
	at java.lang.Thread.run(Thread.java:750)
2022-04-04 19:28:37,142 INFO  [Thread-0] root: Connected to localhost on port 58537
2022-04-04 19:28:37,143 INFO  [Thread-0] root: Listening for client socket connection
2022-04-04 19:28:42,154 INFO  [Thread-0] root: Client socket connection successful
2022-04-04 19:28:42,157 ERROR [Thread-8] root: Error! Connection could not be established!
java.net.SocketException: Connection reset
	at java.net.SocketInputStream.read(SocketInputStream.java:210)
	at java.net.SocketInputStream.read(SocketInputStream.java:141)
	at java.io.ObjectInputStream$PeekInputStream.read(ObjectInputStream.java:2837)
	at java.io.ObjectInputStream$PeekInputStream.readFully(ObjectInputStream.java:2853)
	at java.io.ObjectInputStream$BlockDataInputStream.readShort(ObjectInputStream.java:3330)
	at java.io.ObjectInputStream.readStreamHeader(ObjectInputStream.java:939)
	at java.io.ObjectInputStream.<init>(ObjectInputStream.java:401)
	at app_kvServer.ClientConnection.run(ClientConnection.java:47)
	at java.lang.Thread.run(Thread.java:750)
2022-04-04 19:28:42,167 INFO  [Thread-0] root: Connected to localhost on port 58579
2022-04-04 19:28:42,168 INFO  [Thread-0] root: Listening for client socket connection
2022-04-04 19:28:47,159 INFO  [Thread-0] root: Client socket connection successful
2022-04-04 19:28:47,161 ERROR [Thread-9] root: Error! Connection could not be established!
java.net.SocketException: Connection reset
	at java.net.SocketInputStream.read(SocketInputStream.java:210)
	at java.net.SocketInputStream.read(SocketInputStream.java:141)
	at java.io.ObjectInputStream$PeekInputStream.read(ObjectInputStream.java:2837)
	at java.io.ObjectInputStream$PeekInputStream.readFully(ObjectInputStream.java:2853)
	at java.io.ObjectInputStream$BlockDataInputStream.readShort(ObjectInputStream.java:3330)
	at java.io.ObjectInputStream.readStreamHeader(ObjectInputStream.java:939)
	at java.io.ObjectInputStream.<init>(ObjectInputStream.java:401)
	at app_kvServer.ClientConnection.run(ClientConnection.java:47)
	at java.lang.Thread.run(Thread.java:750)
2022-04-04 19:28:47,161 INFO  [Thread-0] root: Connected to localhost on port 58615
2022-04-04 19:28:47,162 INFO  [Thread-0] root: Listening for client socket connection
2022-04-04 19:28:52,165 INFO  [Thread-0] root: Client socket connection successful
2022-04-04 19:28:52,167 ERROR [Thread-10] root: Error! Connection could not be established!
java.net.SocketException: Connection reset
	at java.net.SocketInputStream.read(SocketInputStream.java:210)
	at java.net.SocketInputStream.read(SocketInputStream.java:141)
	at java.io.ObjectInputStream$PeekInputStream.read(ObjectInputStream.java:2837)
	at java.io.ObjectInputStream$PeekInputStream.readFully(ObjectInputStream.java:2853)
	at java.io.ObjectInputStream$BlockDataInputStream.readShort(ObjectInputStream.java:3330)
	at java.io.ObjectInputStream.readStreamHeader(ObjectInputStream.java:939)
	at java.io.ObjectInputStream.<init>(ObjectInputStream.java:401)
	at app_kvServer.ClientConnection.run(ClientConnection.java:47)
	at java.lang.Thread.run(Thread.java:750)
2022-04-04 19:28:52,168 INFO  [Thread-0] root: Connected to localhost on port 58659
2022-04-04 19:28:52,169 INFO  [Thread-0] root: Listening for client socket connection
2022-04-04 19:28:57,170 INFO  [Thread-0] root: Client socket connection successful
2022-04-04 19:28:57,172 ERROR [Thread-11] root: Error! Connection could not be established!
java.io.EOFException
	at java.io.ObjectInputStream$PeekInputStream.readFully(ObjectInputStream.java:2855)
	at java.io.ObjectInputStream$BlockDataInputStream.readShort(ObjectInputStream.java:3330)
	at java.io.ObjectInputStream.readStreamHeader(ObjectInputStream.java:939)
	at java.io.ObjectInputStream.<init>(ObjectInputStream.java:401)
	at app_kvServer.ClientConnection.run(ClientConnection.java:47)
	at java.lang.Thread.run(Thread.java:750)
2022-04-04 19:28:57,174 INFO  [Thread-0] root: Connected to localhost on port 58700
2022-04-04 19:28:57,174 INFO  [Thread-0] root: Listening for client socket connection
2022-04-04 19:29:02,175 INFO  [Thread-0] root: Client socket connection successful
2022-04-04 19:29:02,176 ERROR [Thread-12] root: Error! Connection could not be established!
java.net.SocketException: Connection reset
	at java.net.SocketInputStream.read(SocketInputStream.java:210)
	at java.net.SocketInputStream.read(SocketInputStream.java:141)
	at java.io.ObjectInputStream$PeekInputStream.read(ObjectInputStream.java:2837)
	at java.io.ObjectInputStream$PeekInputStream.readFully(ObjectInputStream.java:2853)
	at java.io.ObjectInputStream$BlockDataInputStream.readShort(ObjectInputStream.java:3330)
	at java.io.ObjectInputStream.readStreamHeader(ObjectInputStream.java:939)
	at java.io.ObjectInputStream.<init>(ObjectInputStream.java:401)
	at app_kvServer.ClientConnection.run(ClientConnection.java:47)
	at java.lang.Thread.run(Thread.java:750)
2022-04-04 19:29:02,180 INFO  [Thread-0] root: Connected to localhost on port 58739
2022-04-04 19:29:02,180 INFO  [Thread-0] root: Listening for client socket connection
2022-04-04 19:29:07,180 INFO  [Thread-0] root: Client socket connection successful
2022-04-04 19:29:07,181 ERROR [Thread-13] root: Error! Connection could not be established!
java.net.SocketException: Connection reset
	at java.net.SocketInputStream.read(SocketInputStream.java:210)
	at java.net.SocketInputStream.read(SocketInputStream.java:141)
	at java.io.ObjectInputStream$PeekInputStream.read(ObjectInputStream.java:2837)
	at java.io.ObjectInputStream$PeekInputStream.readFully(ObjectInputStream.java:2853)
	at java.io.ObjectInputStream$BlockDataInputStream.readShort(ObjectInputStream.java:3330)
	at java.io.ObjectInputStream.readStreamHeader(ObjectInputStream.java:939)
	at java.io.ObjectInputStream.<init>(ObjectInputStream.java:401)
	at app_kvServer.ClientConnection.run(ClientConnection.java:47)
	at java.lang.Thread.run(Thread.java:750)
2022-04-04 19:29:07,182 INFO  [Thread-0] root: Connected to localhost on port 58780
2022-04-04 19:29:07,182 INFO  [Thread-0] root: Listening for client socket connection
2022-04-04 19:29:12,188 INFO  [Thread-0] root: Client socket connection successful
2022-04-04 19:29:12,189 ERROR [Thread-14] root: Error! Connection could not be established!
java.net.SocketException: Connection reset
	at java.net.SocketInputStream.read(SocketInputStream.java:210)
	at java.net.SocketInputStream.read(SocketInputStream.java:141)
	at java.io.ObjectInputStream$PeekInputStream.read(ObjectInputStream.java:2837)
	at java.io.ObjectInputStream$PeekInputStream.readFully(ObjectInputStream.java:2853)
	at java.io.ObjectInputStream$BlockDataInputStream.readShort(ObjectInputStream.java:3330)
	at java.io.ObjectInputStream.readStreamHeader(ObjectInputStream.java:939)
	at java.io.ObjectInputStream.<init>(ObjectInputStream.java:401)
	at app_kvServer.ClientConnection.run(ClientConnection.java:47)
	at java.lang.Thread.run(Thread.java:750)
2022-04-04 19:29:12,195 INFO  [Thread-0] root: Connected to localhost on port 58822
2022-04-04 19:29:12,195 INFO  [Thread-0] root: Listening for client socket connection
2022-04-04 19:29:17,193 INFO  [Thread-0] root: Client socket connection successful
2022-04-04 19:29:17,195 ERROR [Thread-15] root: Error! Connection could not be established!
java.io.EOFException
	at java.io.ObjectInputStream$PeekInputStream.readFully(ObjectInputStream.java:2855)
	at java.io.ObjectInputStream$BlockDataInputStream.readShort(ObjectInputStream.java:3330)
	at java.io.ObjectInputStream.readStreamHeader(ObjectInputStream.java:939)
	at java.io.ObjectInputStream.<init>(ObjectInputStream.java:401)
	at app_kvServer.ClientConnection.run(ClientConnection.java:47)
	at java.lang.Thread.run(Thread.java:750)
2022-04-04 19:29:17,195 INFO  [Thread-0] root: Connected to localhost on port 58866
2022-04-04 19:29:17,195 INFO  [Thread-0] root: Listening for client socket connection
2022-04-04 19:29:22,199 INFO  [Thread-0] root: Client socket connection successful
2022-04-04 19:29:22,200 ERROR [Thread-16] root: Error! Connection could not be established!
java.net.SocketException: Connection reset
	at java.net.SocketInputStream.read(SocketInputStream.java:210)
	at java.net.SocketInputStream.read(SocketInputStream.java:141)
	at java.io.ObjectInputStream$PeekInputStream.read(ObjectInputStream.java:2837)
	at java.io.ObjectInputStream$PeekInputStream.readFully(ObjectInputStream.java:2853)
	at java.io.ObjectInputStream$BlockDataInputStream.readShort(ObjectInputStream.java:3330)
	at java.io.ObjectInputStream.readStreamHeader(ObjectInputStream.java:939)
	at java.io.ObjectInputStream.<init>(ObjectInputStream.java:401)
	at app_kvServer.ClientConnection.run(ClientConnection.java:47)
	at java.lang.Thread.run(Thread.java:750)
2022-04-04 19:29:22,200 INFO  [Thread-0] root: Connected to localhost on port 58911
2022-04-04 19:29:22,200 INFO  [Thread-0] root: Listening for client socket connection
2022-04-04 19:29:27,203 INFO  [Thread-0] root: Client socket connection successful
2022-04-04 19:29:27,204 ERROR [Thread-17] root: Error! Connection could not be established!
java.net.SocketException: Connection reset
	at java.net.SocketInputStream.read(SocketInputStream.java:210)
	at java.net.SocketInputStream.read(SocketInputStream.java:141)
	at java.io.ObjectInputStream$PeekInputStream.read(ObjectInputStream.java:2837)
	at java.io.ObjectInputStream$PeekInputStream.readFully(ObjectInputStream.java:2853)
	at java.io.ObjectInputStream$BlockDataInputStream.readShort(ObjectInputStream.java:3330)
	at java.io.ObjectInputStream.readStreamHeader(ObjectInputStream.java:939)
	at java.io.ObjectInputStream.<init>(ObjectInputStream.java:401)
	at app_kvServer.ClientConnection.run(ClientConnection.java:47)
	at java.lang.Thread.run(Thread.java:750)
2022-04-04 19:29:27,205 INFO  [Thread-0] root: Connected to localhost on port 58946
2022-04-04 19:29:27,205 INFO  [Thread-0] root: Listening for client socket connection
2022-04-04 19:29:32,208 INFO  [Thread-0] root: Client socket connection successful
2022-04-04 19:29:32,217 ERROR [Thread-18] root: Error! Connection could not be established!
java.net.SocketException: Connection reset
	at java.net.SocketInputStream.read(SocketInputStream.java:210)
	at java.net.SocketInputStream.read(SocketInputStream.java:141)
	at java.io.ObjectInputStream$PeekInputStream.read(ObjectInputStream.java:2837)
	at java.io.ObjectInputStream$PeekInputStream.readFully(ObjectInputStream.java:2853)
	at java.io.ObjectInputStream$BlockDataInputStream.readShort(ObjectInputStream.java:3330)
	at java.io.ObjectInputStream.readStreamHeader(ObjectInputStream.java:939)
	at java.io.ObjectInputStream.<init>(ObjectInputStream.java:401)
	at app_kvServer.ClientConnection.run(ClientConnection.java:47)
	at java.lang.Thread.run(Thread.java:750)
2022-04-04 19:29:32,218 INFO  [Thread-0] root: Connected to localhost on port 58971
2022-04-04 19:29:32,218 INFO  [Thread-0] root: Listening for client socket connection
2022-04-04 19:29:37,214 INFO  [Thread-0] root: Client socket connection successful
2022-04-04 19:29:37,215 ERROR [Thread-19] root: Error! Connection could not be established!
java.net.SocketException: Connection reset
	at java.net.SocketInputStream.read(SocketInputStream.java:210)
	at java.net.SocketInputStream.read(SocketInputStream.java:141)
	at java.io.ObjectInputStream$PeekInputStream.read(ObjectInputStream.java:2837)
	at java.io.ObjectInputStream$PeekInputStream.readFully(ObjectInputStream.java:2853)
	at java.io.ObjectInputStream$BlockDataInputStream.readShort(ObjectInputStream.java:3330)
	at java.io.ObjectInputStream.readStreamHeader(ObjectInputStream.java:939)
	at java.io.ObjectInputStream.<init>(ObjectInputStream.java:401)
	at app_kvServer.ClientConnection.run(ClientConnection.java:47)
	at java.lang.Thread.run(Thread.java:750)
2022-04-04 19:29:37,215 INFO  [Thread-0] root: Connected to localhost on port 58999
2022-04-04 19:29:37,215 INFO  [Thread-0] root: Listening for client socket connection
2022-04-04 19:29:42,221 INFO  [Thread-0] root: Client socket connection successful
2022-04-04 19:29:42,222 ERROR [Thread-20] root: Error! Connection could not be established!
java.net.SocketException: Connection reset
	at java.net.SocketInputStream.read(SocketInputStream.java:210)
	at java.net.SocketInputStream.read(SocketInputStream.java:141)
	at java.io.ObjectInputStream$PeekInputStream.read(ObjectInputStream.java:2837)
	at java.io.ObjectInputStream$PeekInputStream.readFully(ObjectInputStream.java:2853)
	at java.io.ObjectInputStream$BlockDataInputStream.readShort(ObjectInputStream.java:3330)
	at java.io.ObjectInputStream.readStreamHeader(ObjectInputStream.java:939)
	at java.io.ObjectInputStream.<init>(ObjectInputStream.java:401)
	at app_kvServer.ClientConnection.run(ClientConnection.java:47)
	at java.lang.Thread.run(Thread.java:750)
2022-04-04 19:29:42,222 INFO  [Thread-0] root: Connected to localhost on port 59031
2022-04-04 19:29:42,222 INFO  [Thread-0] root: Listening for client socket connection
2022-04-04 19:29:47,225 INFO  [Thread-0] root: Client socket connection successful
2022-04-04 19:29:47,226 ERROR [Thread-21] root: Error! Connection could not be established!
java.net.SocketException: Connection reset
	at java.net.SocketInputStream.read(SocketInputStream.java:210)
	at java.net.SocketInputStream.read(SocketInputStream.java:141)
	at java.io.ObjectInputStream$PeekInputStream.read(ObjectInputStream.java:2837)
	at java.io.ObjectInputStream$PeekInputStream.readFully(ObjectInputStream.java:2853)
	at java.io.ObjectInputStream$BlockDataInputStream.readShort(ObjectInputStream.java:3330)
	at java.io.ObjectInputStream.readStreamHeader(ObjectInputStream.java:939)
	at java.io.ObjectInputStream.<init>(ObjectInputStream.java:401)
	at app_kvServer.ClientConnection.run(ClientConnection.java:47)
	at java.lang.Thread.run(Thread.java:750)
2022-04-04 19:29:47,226 INFO  [Thread-0] root: Connected to localhost on port 59070
2022-04-04 19:29:47,227 INFO  [Thread-0] root: Listening for client socket connection
2022-04-04 19:29:52,230 INFO  [Thread-0] root: Client socket connection successful
2022-04-04 19:29:52,231 ERROR [Thread-22] root: Error! Connection could not be established!
java.io.EOFException
	at java.io.ObjectInputStream$PeekInputStream.readFully(ObjectInputStream.java:2855)
	at java.io.ObjectInputStream$BlockDataInputStream.readShort(ObjectInputStream.java:3330)
	at java.io.ObjectInputStream.readStreamHeader(ObjectInputStream.java:939)
	at java.io.ObjectInputStream.<init>(ObjectInputStream.java:401)
	at app_kvServer.ClientConnection.run(ClientConnection.java:47)
	at java.lang.Thread.run(Thread.java:750)
2022-04-04 19:29:52,232 INFO  [Thread-0] root: Connected to localhost on port 59106
2022-04-04 19:29:52,233 INFO  [Thread-0] root: Listening for client socket connection
2022-04-04 19:29:57,239 INFO  [Thread-0] root: Client socket connection successful
2022-04-04 19:29:57,240 ERROR [Thread-23] root: Error! Connection could not be established!
java.net.SocketException: Connection reset
	at java.net.SocketInputStream.read(SocketInputStream.java:210)
	at java.net.SocketInputStream.read(SocketInputStream.java:141)
	at java.io.ObjectInputStream$PeekInputStream.read(ObjectInputStream.java:2837)
	at java.io.ObjectInputStream$PeekInputStream.readFully(ObjectInputStream.java:2853)
	at java.io.ObjectInputStream$BlockDataInputStream.readShort(ObjectInputStream.java:3330)
	at java.io.ObjectInputStream.readStreamHeader(ObjectInputStream.java:939)
	at java.io.ObjectInputStream.<init>(ObjectInputStream.java:401)
	at app_kvServer.ClientConnection.run(ClientConnection.java:47)
	at java.lang.Thread.run(Thread.java:750)
2022-04-04 19:29:57,243 INFO  [Thread-0] root: Connected to localhost on port 59150
2022-04-04 19:29:57,243 INFO  [Thread-0] root: Listening for client socket connection
2022-04-04 19:30:02,244 INFO  [Thread-0] root: Client socket connection successful
2022-04-04 19:30:02,247 ERROR [Thread-24] root: Error! Connection could not be established!
java.io.EOFException
	at java.io.ObjectInputStream$PeekInputStream.readFully(ObjectInputStream.java:2855)
	at java.io.ObjectInputStream$BlockDataInputStream.readShort(ObjectInputStream.java:3330)
	at java.io.ObjectInputStream.readStreamHeader(ObjectInputStream.java:939)
	at java.io.ObjectInputStream.<init>(ObjectInputStream.java:401)
	at app_kvServer.ClientConnection.run(ClientConnection.java:47)
	at java.lang.Thread.run(Thread.java:750)
2022-04-04 19:30:02,247 INFO  [Thread-0] root: Connected to localhost on port 59188
2022-04-04 19:30:02,247 INFO  [Thread-0] root: Listening for client socket connection
2022-04-04 19:30:07,248 INFO  [Thread-0] root: Client socket connection successful
2022-04-04 19:30:07,249 ERROR [Thread-25] root: Error! Connection could not be established!
java.net.SocketException: Connection reset
	at java.net.SocketInputStream.read(SocketInputStream.java:210)
	at java.net.SocketInputStream.read(SocketInputStream.java:141)
	at java.io.ObjectInputStream$PeekInputStream.read(ObjectInputStream.java:2837)
	at java.io.ObjectInputStream$PeekInputStream.readFully(ObjectInputStream.java:2853)
	at java.io.ObjectInputStream$BlockDataInputStream.readShort(ObjectInputStream.java:3330)
	at java.io.ObjectInputStream.readStreamHeader(ObjectInputStream.java:939)
	at java.io.ObjectInputStream.<init>(ObjectInputStream.java:401)
	at app_kvServer.ClientConnection.run(ClientConnection.java:47)
	at java.lang.Thread.run(Thread.java:750)
2022-04-04 19:30:07,250 INFO  [Thread-0] root: Connected to localhost on port 59220
2022-04-04 19:30:07,250 INFO  [Thread-0] root: Listening for client socket connection
2022-04-04 19:30:12,252 INFO  [Thread-0] root: Client socket connection successful
2022-04-04 19:30:12,254 ERROR [Thread-26] root: Error! Connection could not be established!
java.net.SocketException: Connection reset
	at java.net.SocketInputStream.read(SocketInputStream.java:210)
	at java.net.SocketInputStream.read(SocketInputStream.java:141)
	at java.io.ObjectInputStream$PeekInputStream.read(ObjectInputStream.java:2837)
	at java.io.ObjectInputStream$PeekInputStream.readFully(ObjectInputStream.java:2853)
	at java.io.ObjectInputStream$BlockDataInputStream.readShort(ObjectInputStream.java:3330)
	at java.io.ObjectInputStream.readStreamHeader(ObjectInputStream.java:939)
	at java.io.ObjectInputStream.<init>(ObjectInputStream.java:401)
	at app_kvServer.ClientConnection.run(ClientConnection.java:47)
	at java.lang.Thread.run(Thread.java:750)
2022-04-04 19:30:12,257 INFO  [Thread-0] root: Connected to localhost on port 59258
2022-04-04 19:30:12,257 INFO  [Thread-0] root: Listening for client socket connection
2022-04-04 19:30:17,255 INFO  [Thread-0] root: Client socket connection successful
2022-04-04 19:30:17,256 ERROR [Thread-27] root: Error! Connection could not be established!
java.io.EOFException
	at java.io.ObjectInputStream$PeekInputStream.readFully(ObjectInputStream.java:2855)
	at java.io.ObjectInputStream$BlockDataInputStream.readShort(ObjectInputStream.java:3330)
	at java.io.ObjectInputStream.readStreamHeader(ObjectInputStream.java:939)
	at java.io.ObjectInputStream.<init>(ObjectInputStream.java:401)
	at app_kvServer.ClientConnection.run(ClientConnection.java:47)
	at java.lang.Thread.run(Thread.java:750)
2022-04-04 19:30:17,257 INFO  [Thread-0] root: Connected to localhost on port 59301
2022-04-04 19:30:17,257 INFO  [Thread-0] root: Listening for client socket connection
2022-04-04 19:30:22,261 INFO  [Thread-0] root: Client socket connection successful
2022-04-04 19:30:22,262 ERROR [Thread-28] root: Error! Connection could not be established!
java.net.SocketException: Connection reset
	at java.net.SocketInputStream.read(SocketInputStream.java:210)
	at java.net.SocketInputStream.read(SocketInputStream.java:141)
	at java.io.ObjectInputStream$PeekInputStream.read(ObjectInputStream.java:2837)
	at java.io.ObjectInputStream$PeekInputStream.readFully(ObjectInputStream.java:2853)
	at java.io.ObjectInputStream$BlockDataInputStream.readShort(ObjectInputStream.java:3330)
	at java.io.ObjectInputStream.readStreamHeader(ObjectInputStream.java:939)
	at java.io.ObjectInputStream.<init>(ObjectInputStream.java:401)
	at app_kvServer.ClientConnection.run(ClientConnection.java:47)
	at java.lang.Thread.run(Thread.java:750)
2022-04-04 19:30:22,263 INFO  [Thread-0] root: Connected to localhost on port 59344
2022-04-04 19:30:22,263 INFO  [Thread-0] root: Listening for client socket connection
2022-04-04 19:30:27,270 INFO  [Thread-0] root: Client socket connection successful
2022-04-04 19:30:27,275 ERROR [Thread-29] root: Error! Connection could not be established!
java.net.SocketException: Connection reset
	at java.net.SocketInputStream.read(SocketInputStream.java:210)
	at java.net.SocketInputStream.read(SocketInputStream.java:141)
	at java.io.ObjectInputStream$PeekInputStream.read(ObjectInputStream.java:2837)
	at java.io.ObjectInputStream$PeekInputStream.readFully(ObjectInputStream.java:2853)
	at java.io.ObjectInputStream$BlockDataInputStream.readShort(ObjectInputStream.java:3330)
	at java.io.ObjectInputStream.readStreamHeader(ObjectInputStream.java:939)
	at java.io.ObjectInputStream.<init>(ObjectInputStream.java:401)
	at app_kvServer.ClientConnection.run(ClientConnection.java:47)
	at java.lang.Thread.run(Thread.java:750)
2022-04-04 19:30:27,277 INFO  [Thread-0] root: Connected to localhost on port 59385
2022-04-04 19:30:27,277 INFO  [Thread-0] root: Listening for client socket connection
2022-04-04 19:30:32,275 INFO  [Thread-0] root: Client socket connection successful
2022-04-04 19:30:32,277 ERROR [Thread-30] root: Error! Connection could not be established!
java.net.SocketException: Connection reset
	at java.net.SocketInputStream.read(SocketInputStream.java:210)
	at java.net.SocketInputStream.read(SocketInputStream.java:141)
	at java.io.ObjectInputStream$PeekInputStream.read(ObjectInputStream.java:2837)
	at java.io.ObjectInputStream$PeekInputStream.readFully(ObjectInputStream.java:2853)
	at java.io.ObjectInputStream$BlockDataInputStream.readShort(ObjectInputStream.java:3330)
	at java.io.ObjectInputStream.readStreamHeader(ObjectInputStream.java:939)
	at java.io.ObjectInputStream.<init>(ObjectInputStream.java:401)
	at app_kvServer.ClientConnection.run(ClientConnection.java:47)
	at java.lang.Thread.run(Thread.java:750)
2022-04-04 19:30:32,277 INFO  [Thread-0] root: Connected to localhost on port 59425
2022-04-04 19:30:32,278 INFO  [Thread-0] root: Listening for client socket connection
2022-04-04 19:30:37,280 INFO  [Thread-0] root: Client socket connection successful
2022-04-04 19:30:37,283 ERROR [Thread-31] root: Error! Connection could not be established!
java.net.SocketException: Connection reset
	at java.net.SocketInputStream.read(SocketInputStream.java:210)
	at java.net.SocketInputStream.read(SocketInputStream.java:141)
	at java.io.ObjectInputStream$PeekInputStream.read(ObjectInputStream.java:2837)
	at java.io.ObjectInputStream$PeekInputStream.readFully(ObjectInputStream.java:2853)
	at java.io.ObjectInputStream$BlockDataInputStream.readShort(ObjectInputStream.java:3330)
	at java.io.ObjectInputStream.readStreamHeader(ObjectInputStream.java:939)
	at java.io.ObjectInputStream.<init>(ObjectInputStream.java:401)
	at app_kvServer.ClientConnection.run(ClientConnection.java:47)
	at java.lang.Thread.run(Thread.java:750)
2022-04-04 19:30:37,283 INFO  [Thread-0] root: Connected to localhost on port 59464
2022-04-04 19:30:37,284 INFO  [Thread-0] root: Listening for client socket connection
2022-04-04 19:30:42,286 INFO  [Thread-0] root: Client socket connection successful
2022-04-04 19:30:42,287 ERROR [Thread-32] root: Error! Connection could not be established!
java.net.SocketException: Connection reset
	at java.net.SocketInputStream.read(SocketInputStream.java:210)
	at java.net.SocketInputStream.read(SocketInputStream.java:141)
	at java.io.ObjectInputStream$PeekInputStream.read(ObjectInputStream.java:2837)
	at java.io.ObjectInputStream$PeekInputStream.readFully(ObjectInputStream.java:2853)
	at java.io.ObjectInputStream$BlockDataInputStream.readShort(ObjectInputStream.java:3330)
	at java.io.ObjectInputStream.readStreamHeader(ObjectInputStream.java:939)
	at java.io.ObjectInputStream.<init>(ObjectInputStream.java:401)
	at app_kvServer.ClientConnection.run(ClientConnection.java:47)
	at java.lang.Thread.run(Thread.java:750)
2022-04-04 19:30:42,289 INFO  [Thread-0] root: Connected to localhost on port 59510
2022-04-04 19:30:42,289 INFO  [Thread-0] root: Listening for client socket connection
2022-04-04 19:30:47,294 INFO  [Thread-0] root: Client socket connection successful
2022-04-04 19:30:47,295 ERROR [Thread-33] root: Error! Connection could not be established!
java.net.SocketException: Connection reset
	at java.net.SocketInputStream.read(SocketInputStream.java:210)
	at java.net.SocketInputStream.read(SocketInputStream.java:141)
	at java.io.ObjectInputStream$PeekInputStream.read(ObjectInputStream.java:2837)
	at java.io.ObjectInputStream$PeekInputStream.readFully(ObjectInputStream.java:2853)
	at java.io.ObjectInputStream$BlockDataInputStream.readShort(ObjectInputStream.java:3330)
	at java.io.ObjectInputStream.readStreamHeader(ObjectInputStream.java:939)
	at java.io.ObjectInputStream.<init>(ObjectInputStream.java:401)
	at app_kvServer.ClientConnection.run(ClientConnection.java:47)
	at java.lang.Thread.run(Thread.java:750)
2022-04-04 19:30:47,296 INFO  [Thread-0] root: Connected to localhost on port 59554
2022-04-04 19:30:47,297 INFO  [Thread-0] root: Listening for client socket connection
2022-04-04 19:30:52,295 INFO  [Thread-0] root: Client socket connection successful
2022-04-04 19:30:52,296 ERROR [Thread-34] root: Error! Connection could not be established!
java.net.SocketException: Connection reset
	at java.net.SocketInputStream.read(SocketInputStream.java:210)
	at java.net.SocketInputStream.read(SocketInputStream.java:141)
	at java.io.ObjectInputStream$PeekInputStream.read(ObjectInputStream.java:2837)
	at java.io.ObjectInputStream$PeekInputStream.readFully(ObjectInputStream.java:2853)
	at java.io.ObjectInputStream$BlockDataInputStream.readShort(ObjectInputStream.java:3330)
	at java.io.ObjectInputStream.readStreamHeader(ObjectInputStream.java:939)
	at java.io.ObjectInputStream.<init>(ObjectInputStream.java:401)
	at app_kvServer.ClientConnection.run(ClientConnection.java:47)
	at java.lang.Thread.run(Thread.java:750)
2022-04-04 19:30:52,296 INFO  [Thread-0] root: Connected to localhost on port 59595
2022-04-04 19:30:52,297 INFO  [Thread-0] root: Listening for client socket connection
2022-04-04 19:30:57,296 INFO  [Thread-0] root: Client socket connection successful
2022-04-04 19:30:57,297 ERROR [Thread-35] root: Error! Connection could not be established!
java.net.SocketException: Connection reset
	at java.net.SocketInputStream.read(SocketInputStream.java:210)
	at java.net.SocketInputStream.read(SocketInputStream.java:141)
	at java.io.ObjectInputStream$PeekInputStream.read(ObjectInputStream.java:2837)
	at java.io.ObjectInputStream$PeekInputStream.readFully(ObjectInputStream.java:2853)
	at java.io.ObjectInputStream$BlockDataInputStream.readShort(ObjectInputStream.java:3330)
	at java.io.ObjectInputStream.readStreamHeader(ObjectInputStream.java:939)
	at java.io.ObjectInputStream.<init>(ObjectInputStream.java:401)
	at app_kvServer.ClientConnection.run(ClientConnection.java:47)
	at java.lang.Thread.run(Thread.java:750)
2022-04-04 19:30:57,298 INFO  [Thread-0] root: Connected to localhost on port 59638
2022-04-04 19:30:57,303 INFO  [Thread-0] root: Listening for client socket connection
2022-04-04 19:31:02,302 INFO  [Thread-0] root: Client socket connection successful
2022-04-04 19:31:02,305 ERROR [Thread-36] root: Error! Connection could not be established!
java.net.SocketException: Connection reset
	at java.net.SocketInputStream.read(SocketInputStream.java:210)
	at java.net.SocketInputStream.read(SocketInputStream.java:141)
	at java.io.ObjectInputStream$PeekInputStream.read(ObjectInputStream.java:2837)
	at java.io.ObjectInputStream$PeekInputStream.readFully(ObjectInputStream.java:2853)
	at java.io.ObjectInputStream$BlockDataInputStream.readShort(ObjectInputStream.java:3330)
	at java.io.ObjectInputStream.readStreamHeader(ObjectInputStream.java:939)
	at java.io.ObjectInputStream.<init>(ObjectInputStream.java:401)
	at app_kvServer.ClientConnection.run(ClientConnection.java:47)
	at java.lang.Thread.run(Thread.java:750)
2022-04-04 19:31:02,306 INFO  [Thread-0] root: Connected to localhost on port 59682
2022-04-04 19:31:02,306 INFO  [Thread-0] root: Listening for client socket connection
2022-04-04 19:31:07,308 INFO  [Thread-0] root: Client socket connection successful
2022-04-04 19:31:07,311 ERROR [Thread-37] root: Error! Connection could not be established!
java.net.SocketException: Connection reset
	at java.net.SocketInputStream.read(SocketInputStream.java:210)
	at java.net.SocketInputStream.read(SocketInputStream.java:141)
	at java.io.ObjectInputStream$PeekInputStream.read(ObjectInputStream.java:2837)
	at java.io.ObjectInputStream$PeekInputStream.readFully(ObjectInputStream.java:2853)
	at java.io.ObjectInputStream$BlockDataInputStream.readShort(ObjectInputStream.java:3330)
	at java.io.ObjectInputStream.readStreamHeader(ObjectInputStream.java:939)
	at java.io.ObjectInputStream.<init>(ObjectInputStream.java:401)
	at app_kvServer.ClientConnection.run(ClientConnection.java:47)
	at java.lang.Thread.run(Thread.java:750)
2022-04-04 19:31:07,314 INFO  [Thread-0] root: Connected to localhost on port 59726
2022-04-04 19:31:07,314 INFO  [Thread-0] root: Listening for client socket connection
2022-04-04 19:31:12,318 INFO  [Thread-0] root: Client socket connection successful
2022-04-04 19:31:12,319 ERROR [Thread-38] root: Error! Connection could not be established!
java.net.SocketException: Connection reset
	at java.net.SocketInputStream.read(SocketInputStream.java:210)
	at java.net.SocketInputStream.read(SocketInputStream.java:141)
	at java.io.ObjectInputStream$PeekInputStream.read(ObjectInputStream.java:2837)
	at java.io.ObjectInputStream$PeekInputStream.readFully(ObjectInputStream.java:2853)
	at java.io.ObjectInputStream$BlockDataInputStream.readShort(ObjectInputStream.java:3330)
	at java.io.ObjectInputStream.readStreamHeader(ObjectInputStream.java:939)
	at java.io.ObjectInputStream.<init>(ObjectInputStream.java:401)
	at app_kvServer.ClientConnection.run(ClientConnection.java:47)
	at java.lang.Thread.run(Thread.java:750)
2022-04-04 19:31:12,320 INFO  [Thread-0] root: Connected to localhost on port 59757
2022-04-04 19:31:12,320 INFO  [Thread-0] root: Listening for client socket connection
2022-04-04 19:31:17,323 INFO  [Thread-0] root: Client socket connection successful
2022-04-04 19:31:17,325 ERROR [Thread-39] root: Error! Connection could not be established!
java.net.SocketException: Connection reset
	at java.net.SocketInputStream.read(SocketInputStream.java:210)
	at java.net.SocketInputStream.read(SocketInputStream.java:141)
	at java.io.ObjectInputStream$PeekInputStream.read(ObjectInputStream.java:2837)
	at java.io.ObjectInputStream$PeekInputStream.readFully(ObjectInputStream.java:2853)
	at java.io.ObjectInputStream$BlockDataInputStream.readShort(ObjectInputStream.java:3330)
	at java.io.ObjectInputStream.readStreamHeader(ObjectInputStream.java:939)
	at java.io.ObjectInputStream.<init>(ObjectInputStream.java:401)
	at app_kvServer.ClientConnection.run(ClientConnection.java:47)
	at java.lang.Thread.run(Thread.java:750)
2022-04-04 19:31:17,325 INFO  [Thread-0] root: Connected to localhost on port 59794
2022-04-04 19:31:17,326 INFO  [Thread-0] root: Listening for client socket connection
2022-04-04 19:31:22,329 INFO  [Thread-0] root: Client socket connection successful
2022-04-04 19:31:22,330 ERROR [Thread-40] root: Error! Connection could not be established!
java.net.SocketException: Connection reset
	at java.net.SocketInputStream.read(SocketInputStream.java:210)
	at java.net.SocketInputStream.read(SocketInputStream.java:141)
	at java.io.ObjectInputStream$PeekInputStream.read(ObjectInputStream.java:2837)
	at java.io.ObjectInputStream$PeekInputStream.readFully(ObjectInputStream.java:2853)
	at java.io.ObjectInputStream$BlockDataInputStream.readShort(ObjectInputStream.java:3330)
	at java.io.ObjectInputStream.readStreamHeader(ObjectInputStream.java:939)
	at java.io.ObjectInputStream.<init>(ObjectInputStream.java:401)
	at app_kvServer.ClientConnection.run(ClientConnection.java:47)
	at java.lang.Thread.run(Thread.java:750)
2022-04-04 19:31:22,330 INFO  [Thread-0] root: Connected to localhost on port 59836
2022-04-04 19:31:22,331 INFO  [Thread-0] root: Listening for client socket connection
2022-04-04 19:31:27,331 INFO  [Thread-0] root: Client socket connection successful
2022-04-04 19:31:27,331 ERROR [Thread-41] root: Error! Connection could not be established!
java.io.EOFException
	at java.io.ObjectInputStream$PeekInputStream.readFully(ObjectInputStream.java:2855)
	at java.io.ObjectInputStream$BlockDataInputStream.readShort(ObjectInputStream.java:3330)
	at java.io.ObjectInputStream.readStreamHeader(ObjectInputStream.java:939)
	at java.io.ObjectInputStream.<init>(ObjectInputStream.java:401)
	at app_kvServer.ClientConnection.run(ClientConnection.java:47)
	at java.lang.Thread.run(Thread.java:750)
2022-04-04 19:31:27,332 INFO  [Thread-0] root: Connected to localhost on port 59881
2022-04-04 19:31:27,332 INFO  [Thread-0] root: Listening for client socket connection
2022-04-04 19:31:32,338 INFO  [Thread-0] root: Client socket connection successful
2022-04-04 19:31:32,358 INFO  [Thread-0] root: Connected to localhost on port 59926
2022-04-04 19:31:32,359 ERROR [Thread-42] root: Error! Connection could not be established!
java.net.SocketException: Connection reset
	at java.net.SocketInputStream.read(SocketInputStream.java:210)
	at java.net.SocketInputStream.read(SocketInputStream.java:141)
	at java.io.ObjectInputStream$PeekInputStream.read(ObjectInputStream.java:2837)
	at java.io.ObjectInputStream$PeekInputStream.readFully(ObjectInputStream.java:2853)
	at java.io.ObjectInputStream$BlockDataInputStream.readShort(ObjectInputStream.java:3330)
	at java.io.ObjectInputStream.readStreamHeader(ObjectInputStream.java:939)
	at java.io.ObjectInputStream.<init>(ObjectInputStream.java:401)
	at app_kvServer.ClientConnection.run(ClientConnection.java:47)
	at java.lang.Thread.run(Thread.java:750)
2022-04-04 19:31:32,366 INFO  [Thread-0] root: Listening for client socket connection
2022-04-04 19:31:37,342 INFO  [Thread-0] root: Client socket connection successful
2022-04-04 19:31:37,345 ERROR [Thread-43] root: Error! Connection could not be established!
java.net.SocketException: Connection reset
	at java.net.SocketInputStream.read(SocketInputStream.java:210)
	at java.net.SocketInputStream.read(SocketInputStream.java:141)
	at java.io.ObjectInputStream$PeekInputStream.read(ObjectInputStream.java:2837)
	at java.io.ObjectInputStream$PeekInputStream.readFully(ObjectInputStream.java:2853)
	at java.io.ObjectInputStream$BlockDataInputStream.readShort(ObjectInputStream.java:3330)
	at java.io.ObjectInputStream.readStreamHeader(ObjectInputStream.java:939)
	at java.io.ObjectInputStream.<init>(ObjectInputStream.java:401)
	at app_kvServer.ClientConnection.run(ClientConnection.java:47)
	at java.lang.Thread.run(Thread.java:750)
2022-04-04 19:31:37,345 INFO  [Thread-0] root: Connected to localhost on port 59969
2022-04-04 19:31:37,346 INFO  [Thread-0] root: Listening for client socket connection
2022-04-04 19:31:42,347 INFO  [Thread-0] root: Client socket connection successful
2022-04-04 19:31:42,348 ERROR [Thread-44] root: Error! Connection could not be established!
java.io.EOFException
	at java.io.ObjectInputStream$PeekInputStream.readFully(ObjectInputStream.java:2855)
	at java.io.ObjectInputStream$BlockDataInputStream.readShort(ObjectInputStream.java:3330)
	at java.io.ObjectInputStream.readStreamHeader(ObjectInputStream.java:939)
	at java.io.ObjectInputStream.<init>(ObjectInputStream.java:401)
	at app_kvServer.ClientConnection.run(ClientConnection.java:47)
	at java.lang.Thread.run(Thread.java:750)
2022-04-04 19:31:42,350 INFO  [Thread-0] root: Connected to localhost on port 60014
2022-04-04 19:31:42,350 INFO  [Thread-0] root: Listening for client socket connection
2022-04-04 19:31:47,348 INFO  [Thread-0] root: Client socket connection successful
2022-04-04 19:31:47,350 ERROR [Thread-45] root: Error! Connection could not be established!
java.io.EOFException
	at java.io.ObjectInputStream$PeekInputStream.readFully(ObjectInputStream.java:2855)
	at java.io.ObjectInputStream$BlockDataInputStream.readShort(ObjectInputStream.java:3330)
	at java.io.ObjectInputStream.readStreamHeader(ObjectInputStream.java:939)
	at java.io.ObjectInputStream.<init>(ObjectInputStream.java:401)
	at app_kvServer.ClientConnection.run(ClientConnection.java:47)
	at java.lang.Thread.run(Thread.java:750)
2022-04-04 19:31:47,350 INFO  [Thread-0] root: Connected to localhost on port 60060
2022-04-04 19:31:47,351 INFO  [Thread-0] root: Listening for client socket connection
2022-04-04 19:31:52,355 INFO  [Thread-0] root: Client socket connection successful
2022-04-04 19:31:52,356 ERROR [Thread-46] root: Error! Connection could not be established!
java.net.SocketException: Connection reset
	at java.net.SocketInputStream.read(SocketInputStream.java:210)
	at java.net.SocketInputStream.read(SocketInputStream.java:141)
	at java.io.ObjectInputStream$PeekInputStream.read(ObjectInputStream.java:2837)
	at java.io.ObjectInputStream$PeekInputStream.readFully(ObjectInputStream.java:2853)
	at java.io.ObjectInputStream$BlockDataInputStream.readShort(ObjectInputStream.java:3330)
	at java.io.ObjectInputStream.readStreamHeader(ObjectInputStream.java:939)
	at java.io.ObjectInputStream.<init>(ObjectInputStream.java:401)
	at app_kvServer.ClientConnection.run(ClientConnection.java:47)
	at java.lang.Thread.run(Thread.java:750)
2022-04-04 19:31:52,357 INFO  [Thread-0] root: Connected to localhost on port 60104
2022-04-04 19:31:52,357 INFO  [Thread-0] root: Listening for client socket connection
2022-04-04 19:31:57,359 INFO  [Thread-0] root: Client socket connection successful
2022-04-04 19:31:57,360 ERROR [Thread-47] root: Error! Connection could not be established!
java.net.SocketException: Connection reset
	at java.net.SocketInputStream.read(SocketInputStream.java:210)
	at java.net.SocketInputStream.read(SocketInputStream.java:141)
	at java.io.ObjectInputStream$PeekInputStream.read(ObjectInputStream.java:2837)
	at java.io.ObjectInputStream$PeekInputStream.readFully(ObjectInputStream.java:2853)
	at java.io.ObjectInputStream$BlockDataInputStream.readShort(ObjectInputStream.java:3330)
	at java.io.ObjectInputStream.readStreamHeader(ObjectInputStream.java:939)
	at java.io.ObjectInputStream.<init>(ObjectInputStream.java:401)
	at app_kvServer.ClientConnection.run(ClientConnection.java:47)
	at java.lang.Thread.run(Thread.java:750)
2022-04-04 19:31:57,360 INFO  [Thread-0] root: Connected to localhost on port 60146
2022-04-04 19:31:57,361 INFO  [Thread-0] root: Listening for client socket connection
2022-04-04 19:32:02,362 INFO  [Thread-0] root: Client socket connection successful
2022-04-04 19:32:02,363 ERROR [Thread-48] root: Error! Connection could not be established!
java.io.EOFException
	at java.io.ObjectInputStream$PeekInputStream.readFully(ObjectInputStream.java:2855)
	at java.io.ObjectInputStream$BlockDataInputStream.readShort(ObjectInputStream.java:3330)
	at java.io.ObjectInputStream.readStreamHeader(ObjectInputStream.java:939)
	at java.io.ObjectInputStream.<init>(ObjectInputStream.java:401)
	at app_kvServer.ClientConnection.run(ClientConnection.java:47)
	at java.lang.Thread.run(Thread.java:750)
2022-04-04 19:32:02,363 INFO  [Thread-0] root: Connected to localhost on port 60189
2022-04-04 19:32:02,364 INFO  [Thread-0] root: Listening for client socket connection
2022-04-04 19:32:07,366 INFO  [Thread-0] root: Client socket connection successful
2022-04-04 19:32:07,367 ERROR [Thread-49] root: Error! Connection could not be established!
java.net.SocketException: Connection reset
	at java.net.SocketInputStream.read(SocketInputStream.java:210)
	at java.net.SocketInputStream.read(SocketInputStream.java:141)
	at java.io.ObjectInputStream$PeekInputStream.read(ObjectInputStream.java:2837)
	at java.io.ObjectInputStream$PeekInputStream.readFully(ObjectInputStream.java:2853)
	at java.io.ObjectInputStream$BlockDataInputStream.readShort(ObjectInputStream.java:3330)
	at java.io.ObjectInputStream.readStreamHeader(ObjectInputStream.java:939)
	at java.io.ObjectInputStream.<init>(ObjectInputStream.java:401)
	at app_kvServer.ClientConnection.run(ClientConnection.java:47)
	at java.lang.Thread.run(Thread.java:750)
2022-04-04 19:32:07,368 INFO  [Thread-0] root: Connected to localhost on port 60232
2022-04-04 19:32:07,368 INFO  [Thread-0] root: Listening for client socket connection
2022-04-04 19:32:12,371 INFO  [Thread-0] root: Client socket connection successful
2022-04-04 19:32:12,372 ERROR [Thread-50] root: Error! Connection could not be established!
java.net.SocketException: Connection reset
	at java.net.SocketInputStream.read(SocketInputStream.java:210)
	at java.net.SocketInputStream.read(SocketInputStream.java:141)
	at java.io.ObjectInputStream$PeekInputStream.read(ObjectInputStream.java:2837)
	at java.io.ObjectInputStream$PeekInputStream.readFully(ObjectInputStream.java:2853)
	at java.io.ObjectInputStream$BlockDataInputStream.readShort(ObjectInputStream.java:3330)
	at java.io.ObjectInputStream.readStreamHeader(ObjectInputStream.java:939)
	at java.io.ObjectInputStream.<init>(ObjectInputStream.java:401)
	at app_kvServer.ClientConnection.run(ClientConnection.java:47)
	at java.lang.Thread.run(Thread.java:750)
2022-04-04 19:32:12,375 INFO  [Thread-0] root: Connected to localhost on port 60281
2022-04-04 19:32:12,375 INFO  [Thread-0] root: Listening for client socket connection
2022-04-04 19:32:17,376 INFO  [Thread-0] root: Client socket connection successful
2022-04-04 19:32:17,377 ERROR [Thread-51] root: Error! Connection could not be established!
java.net.SocketException: Connection reset
	at java.net.SocketInputStream.read(SocketInputStream.java:210)
	at java.net.SocketInputStream.read(SocketInputStream.java:141)
	at java.io.ObjectInputStream$PeekInputStream.read(ObjectInputStream.java:2837)
	at java.io.ObjectInputStream$PeekInputStream.readFully(ObjectInputStream.java:2853)
	at java.io.ObjectInputStream$BlockDataInputStream.readShort(ObjectInputStream.java:3330)
	at java.io.ObjectInputStream.readStreamHeader(ObjectInputStream.java:939)
	at java.io.ObjectInputStream.<init>(ObjectInputStream.java:401)
	at app_kvServer.ClientConnection.run(ClientConnection.java:47)
	at java.lang.Thread.run(Thread.java:750)
2022-04-04 19:32:17,377 INFO  [Thread-0] root: Connected to localhost on port 60322
2022-04-04 19:32:17,378 INFO  [Thread-0] root: Listening for client socket connection
2022-04-04 19:32:22,380 INFO  [Thread-0] root: Client socket connection successful
2022-04-04 19:32:22,381 ERROR [Thread-52] root: Error! Connection could not be established!
java.net.SocketException: Connection reset
	at java.net.SocketInputStream.read(SocketInputStream.java:210)
	at java.net.SocketInputStream.read(SocketInputStream.java:141)
	at java.io.ObjectInputStream$PeekInputStream.read(ObjectInputStream.java:2837)
	at java.io.ObjectInputStream$PeekInputStream.readFully(ObjectInputStream.java:2853)
	at java.io.ObjectInputStream$BlockDataInputStream.readShort(ObjectInputStream.java:3330)
	at java.io.ObjectInputStream.readStreamHeader(ObjectInputStream.java:939)
	at java.io.ObjectInputStream.<init>(ObjectInputStream.java:401)
	at app_kvServer.ClientConnection.run(ClientConnection.java:47)
	at java.lang.Thread.run(Thread.java:750)
2022-04-04 19:32:22,381 INFO  [Thread-0] root: Connected to localhost on port 60365
2022-04-04 19:32:22,382 INFO  [Thread-0] root: Listening for client socket connection
2022-04-04 19:32:27,382 INFO  [Thread-0] root: Client socket connection successful
2022-04-04 19:32:27,383 ERROR [Thread-53] root: Error! Connection could not be established!
java.io.EOFException
	at java.io.ObjectInputStream$PeekInputStream.readFully(ObjectInputStream.java:2855)
	at java.io.ObjectInputStream$BlockDataInputStream.readShort(ObjectInputStream.java:3330)
	at java.io.ObjectInputStream.readStreamHeader(ObjectInputStream.java:939)
	at java.io.ObjectInputStream.<init>(ObjectInputStream.java:401)
	at app_kvServer.ClientConnection.run(ClientConnection.java:47)
	at java.lang.Thread.run(Thread.java:750)
2022-04-04 19:32:27,383 INFO  [Thread-0] root: Connected to localhost on port 60408
2022-04-04 19:32:27,384 INFO  [Thread-0] root: Listening for client socket connection
2022-04-04 19:32:32,387 INFO  [Thread-0] root: Client socket connection successful
2022-04-04 19:32:32,388 ERROR [Thread-54] root: Error! Connection could not be established!
java.io.EOFException
	at java.io.ObjectInputStream$PeekInputStream.readFully(ObjectInputStream.java:2855)
	at java.io.ObjectInputStream$BlockDataInputStream.readShort(ObjectInputStream.java:3330)
	at java.io.ObjectInputStream.readStreamHeader(ObjectInputStream.java:939)
	at java.io.ObjectInputStream.<init>(ObjectInputStream.java:401)
	at app_kvServer.ClientConnection.run(ClientConnection.java:47)
	at java.lang.Thread.run(Thread.java:750)
2022-04-04 19:32:32,389 INFO  [Thread-0] root: Connected to localhost on port 60453
2022-04-04 19:32:32,389 INFO  [Thread-0] root: Listening for client socket connection
2022-04-04 19:32:37,394 INFO  [Thread-0] root: Client socket connection successful
2022-04-04 19:32:37,396 ERROR [Thread-55] root: Error! Connection could not be established!
java.net.SocketException: Connection reset
	at java.net.SocketInputStream.read(SocketInputStream.java:210)
	at java.net.SocketInputStream.read(SocketInputStream.java:141)
	at java.io.ObjectInputStream$PeekInputStream.read(ObjectInputStream.java:2837)
	at java.io.ObjectInputStream$PeekInputStream.readFully(ObjectInputStream.java:2853)
	at java.io.ObjectInputStream$BlockDataInputStream.readShort(ObjectInputStream.java:3330)
	at java.io.ObjectInputStream.readStreamHeader(ObjectInputStream.java:939)
	at java.io.ObjectInputStream.<init>(ObjectInputStream.java:401)
	at app_kvServer.ClientConnection.run(ClientConnection.java:47)
	at java.lang.Thread.run(Thread.java:750)
2022-04-04 19:32:37,396 INFO  [Thread-0] root: Connected to localhost on port 60496
2022-04-04 19:32:37,397 INFO  [Thread-0] root: Listening for client socket connection
2022-04-04 19:32:42,399 INFO  [Thread-0] root: Client socket connection successful
2022-04-04 19:32:42,401 ERROR [Thread-56] root: Error! Connection could not be established!
java.net.SocketException: Connection reset
	at java.net.SocketInputStream.read(SocketInputStream.java:210)
	at java.net.SocketInputStream.read(SocketInputStream.java:141)
	at java.io.ObjectInputStream$PeekInputStream.read(ObjectInputStream.java:2837)
	at java.io.ObjectInputStream$PeekInputStream.readFully(ObjectInputStream.java:2853)
	at java.io.ObjectInputStream$BlockDataInputStream.readShort(ObjectInputStream.java:3330)
	at java.io.ObjectInputStream.readStreamHeader(ObjectInputStream.java:939)
	at java.io.ObjectInputStream.<init>(ObjectInputStream.java:401)
	at app_kvServer.ClientConnection.run(ClientConnection.java:47)
	at java.lang.Thread.run(Thread.java:750)
2022-04-04 19:32:42,402 INFO  [Thread-0] root: Connected to localhost on port 60528
2022-04-04 19:32:42,402 INFO  [Thread-0] root: Listening for client socket connection
2022-04-04 19:32:47,407 INFO  [Thread-0] root: Client socket connection successful
2022-04-04 19:32:47,411 ERROR [Thread-57] root: Error! Connection could not be established!
java.net.SocketException: Connection reset
	at java.net.SocketInputStream.read(SocketInputStream.java:210)
	at java.net.SocketInputStream.read(SocketInputStream.java:141)
	at java.io.ObjectInputStream$PeekInputStream.read(ObjectInputStream.java:2837)
	at java.io.ObjectInputStream$PeekInputStream.readFully(ObjectInputStream.java:2853)
	at java.io.ObjectInputStream$BlockDataInputStream.readShort(ObjectInputStream.java:3330)
	at java.io.ObjectInputStream.readStreamHeader(ObjectInputStream.java:939)
	at java.io.ObjectInputStream.<init>(ObjectInputStream.java:401)
	at app_kvServer.ClientConnection.run(ClientConnection.java:47)
	at java.lang.Thread.run(Thread.java:750)
2022-04-04 19:32:47,420 INFO  [Thread-0] root: Connected to localhost on port 60563
2022-04-04 19:32:47,420 INFO  [Thread-0] root: Listening for client socket connection
2022-04-04 19:32:52,415 INFO  [Thread-0] root: Client socket connection successful
2022-04-04 19:32:52,417 ERROR [Thread-58] root: Error! Connection could not be established!
java.io.EOFException
	at java.io.ObjectInputStream$PeekInputStream.readFully(ObjectInputStream.java:2855)
	at java.io.ObjectInputStream$BlockDataInputStream.readShort(ObjectInputStream.java:3330)
	at java.io.ObjectInputStream.readStreamHeader(ObjectInputStream.java:939)
	at java.io.ObjectInputStream.<init>(ObjectInputStream.java:401)
	at app_kvServer.ClientConnection.run(ClientConnection.java:47)
	at java.lang.Thread.run(Thread.java:750)
2022-04-04 19:32:52,419 INFO  [Thread-0] root: Connected to localhost on port 60592
2022-04-04 19:32:52,419 INFO  [Thread-0] root: Listening for client socket connection
2022-04-04 19:32:57,422 INFO  [Thread-0] root: Client socket connection successful
2022-04-04 19:32:57,424 ERROR [Thread-59] root: Error! Connection could not be established!
java.net.SocketException: Connection reset
	at java.net.SocketInputStream.read(SocketInputStream.java:210)
	at java.net.SocketInputStream.read(SocketInputStream.java:141)
	at java.io.ObjectInputStream$PeekInputStream.read(ObjectInputStream.java:2837)
	at java.io.ObjectInputStream$PeekInputStream.readFully(ObjectInputStream.java:2853)
	at java.io.ObjectInputStream$BlockDataInputStream.readShort(ObjectInputStream.java:3330)
	at java.io.ObjectInputStream.readStreamHeader(ObjectInputStream.java:939)
	at java.io.ObjectInputStream.<init>(ObjectInputStream.java:401)
	at app_kvServer.ClientConnection.run(ClientConnection.java:47)
	at java.lang.Thread.run(Thread.java:750)
2022-04-04 19:32:57,424 INFO  [Thread-0] root: Connected to localhost on port 60617
2022-04-04 19:32:57,424 INFO  [Thread-0] root: Listening for client socket connection
2022-04-04 19:33:02,427 INFO  [Thread-0] root: Client socket connection successful
2022-04-04 19:33:02,428 ERROR [Thread-60] root: Error! Connection could not be established!
java.net.SocketException: Connection reset
	at java.net.SocketInputStream.read(SocketInputStream.java:210)
	at java.net.SocketInputStream.read(SocketInputStream.java:141)
	at java.io.ObjectInputStream$PeekInputStream.read(ObjectInputStream.java:2837)
	at java.io.ObjectInputStream$PeekInputStream.readFully(ObjectInputStream.java:2853)
	at java.io.ObjectInputStream$BlockDataInputStream.readShort(ObjectInputStream.java:3330)
	at java.io.ObjectInputStream.readStreamHeader(ObjectInputStream.java:939)
	at java.io.ObjectInputStream.<init>(ObjectInputStream.java:401)
	at app_kvServer.ClientConnection.run(ClientConnection.java:47)
	at java.lang.Thread.run(Thread.java:750)
2022-04-04 19:33:02,428 INFO  [Thread-0] root: Connected to localhost on port 60630
2022-04-04 19:33:02,428 INFO  [Thread-0] root: Listening for client socket connection
2022-04-04 19:33:07,436 INFO  [Thread-0] root: Client socket connection successful
2022-04-04 19:33:07,437 ERROR [Thread-61] root: Error! Connection could not be established!
java.net.SocketException: Connection reset
	at java.net.SocketInputStream.read(SocketInputStream.java:210)
	at java.net.SocketInputStream.read(SocketInputStream.java:141)
	at java.io.ObjectInputStream$PeekInputStream.read(ObjectInputStream.java:2837)
	at java.io.ObjectInputStream$PeekInputStream.readFully(ObjectInputStream.java:2853)
	at java.io.ObjectInputStream$BlockDataInputStream.readShort(ObjectInputStream.java:3330)
	at java.io.ObjectInputStream.readStreamHeader(ObjectInputStream.java:939)
	at java.io.ObjectInputStream.<init>(ObjectInputStream.java:401)
	at app_kvServer.ClientConnection.run(ClientConnection.java:47)
	at java.lang.Thread.run(Thread.java:750)
2022-04-04 19:33:07,441 INFO  [Thread-0] root: Connected to localhost on port 60645
2022-04-04 19:33:07,442 INFO  [Thread-0] root: Listening for client socket connection
2022-04-04 19:33:12,538 INFO  [Thread-0] root: Client socket connection successful
2022-04-04 19:33:12,556 ERROR [Thread-62] root: Error! Connection could not be established!
java.net.SocketException: Connection reset
	at java.net.SocketInputStream.read(SocketInputStream.java:210)
	at java.net.SocketInputStream.read(SocketInputStream.java:141)
	at java.io.ObjectInputStream$PeekInputStream.read(ObjectInputStream.java:2837)
	at java.io.ObjectInputStream$PeekInputStream.readFully(ObjectInputStream.java:2853)
	at java.io.ObjectInputStream$BlockDataInputStream.readShort(ObjectInputStream.java:3330)
	at java.io.ObjectInputStream.readStreamHeader(ObjectInputStream.java:939)
	at java.io.ObjectInputStream.<init>(ObjectInputStream.java:401)
	at app_kvServer.ClientConnection.run(ClientConnection.java:47)
	at java.lang.Thread.run(Thread.java:750)
2022-04-04 19:33:12,587 INFO  [Thread-0] root: Connected to localhost on port 60658
2022-04-04 19:33:12,587 INFO  [Thread-0] root: Listening for client socket connection
2022-04-04 19:33:17,542 INFO  [Thread-0] root: Client socket connection successful
2022-04-04 19:33:17,543 ERROR [Thread-63] root: Error! Connection could not be established!
java.net.SocketException: Connection reset
	at java.net.SocketInputStream.read(SocketInputStream.java:210)
	at java.net.SocketInputStream.read(SocketInputStream.java:141)
	at java.io.ObjectInputStream$PeekInputStream.read(ObjectInputStream.java:2837)
	at java.io.ObjectInputStream$PeekInputStream.readFully(ObjectInputStream.java:2853)
	at java.io.ObjectInputStream$BlockDataInputStream.readShort(ObjectInputStream.java:3330)
	at java.io.ObjectInputStream.readStreamHeader(ObjectInputStream.java:939)
	at java.io.ObjectInputStream.<init>(ObjectInputStream.java:401)
	at app_kvServer.ClientConnection.run(ClientConnection.java:47)
	at java.lang.Thread.run(Thread.java:750)
2022-04-04 19:33:17,544 INFO  [Thread-0] root: Connected to localhost on port 60686
2022-04-04 19:33:17,544 INFO  [Thread-0] root: Listening for client socket connection
2022-04-04 19:33:22,548 INFO  [Thread-0] root: Client socket connection successful
2022-04-04 19:33:22,549 ERROR [Thread-64] root: Error! Connection could not be established!
java.net.SocketException: Connection reset
	at java.net.SocketInputStream.read(SocketInputStream.java:210)
	at java.net.SocketInputStream.read(SocketInputStream.java:141)
	at java.io.ObjectInputStream$PeekInputStream.read(ObjectInputStream.java:2837)
	at java.io.ObjectInputStream$PeekInputStream.readFully(ObjectInputStream.java:2853)
	at java.io.ObjectInputStream$BlockDataInputStream.readShort(ObjectInputStream.java:3330)
	at java.io.ObjectInputStream.readStreamHeader(ObjectInputStream.java:939)
	at java.io.ObjectInputStream.<init>(ObjectInputStream.java:401)
	at app_kvServer.ClientConnection.run(ClientConnection.java:47)
	at java.lang.Thread.run(Thread.java:750)
2022-04-04 19:33:22,550 INFO  [Thread-0] root: Connected to localhost on port 60727
2022-04-04 19:33:22,550 INFO  [Thread-0] root: Listening for client socket connection
2022-04-04 19:33:27,556 INFO  [Thread-0] root: Client socket connection successful
2022-04-04 19:33:27,558 ERROR [Thread-65] root: Error! Connection could not be established!
java.net.SocketException: Connection reset
	at java.net.SocketInputStream.read(SocketInputStream.java:210)
	at java.net.SocketInputStream.read(SocketInputStream.java:141)
	at java.io.ObjectInputStream$PeekInputStream.read(ObjectInputStream.java:2837)
	at java.io.ObjectInputStream$PeekInputStream.readFully(ObjectInputStream.java:2853)
	at java.io.ObjectInputStream$BlockDataInputStream.readShort(ObjectInputStream.java:3330)
	at java.io.ObjectInputStream.readStreamHeader(ObjectInputStream.java:939)
	at java.io.ObjectInputStream.<init>(ObjectInputStream.java:401)
	at app_kvServer.ClientConnection.run(ClientConnection.java:47)
	at java.lang.Thread.run(Thread.java:750)
2022-04-04 19:33:27,560 INFO  [Thread-0] root: Connected to localhost on port 60761
2022-04-04 19:33:27,560 INFO  [Thread-0] root: Listening for client socket connection
2022-04-04 19:33:32,560 INFO  [Thread-0] root: Client socket connection successful
2022-04-04 19:33:32,560 ERROR [Thread-66] root: Error! Connection could not be established!
java.io.EOFException
	at java.io.ObjectInputStream$PeekInputStream.readFully(ObjectInputStream.java:2855)
	at java.io.ObjectInputStream$BlockDataInputStream.readShort(ObjectInputStream.java:3330)
	at java.io.ObjectInputStream.readStreamHeader(ObjectInputStream.java:939)
	at java.io.ObjectInputStream.<init>(ObjectInputStream.java:401)
	at app_kvServer.ClientConnection.run(ClientConnection.java:47)
	at java.lang.Thread.run(Thread.java:750)
2022-04-04 19:33:32,561 INFO  [Thread-0] root: Connected to localhost on port 60801
2022-04-04 19:33:32,561 INFO  [Thread-0] root: Listening for client socket connection
2022-04-04 19:33:37,562 INFO  [Thread-0] root: Client socket connection successful
2022-04-04 19:38:19,096 INFO  [main] root: KVServer initialized on port 50007
2022-04-04 19:38:19,098 INFO  [Thread-0] root: Initializing server socket
2022-04-04 19:38:19,115 ERROR [Thread-0] root: Unable to open server socket
2022-04-04 19:38:19,116 ERROR [Thread-0] root: Port already bound: 50007
2022-04-04 19:38:19,116 INFO  [Thread-0] root: Server stopped.
2022-04-04 19:39:17,422 INFO  [main] root: KVServer initialized on port 50007
2022-04-04 19:39:17,424 INFO  [Thread-0] root: Initializing server socket
2022-04-04 19:39:17,454 ERROR [Thread-0] root: Unable to open server socket
2022-04-04 19:39:17,455 ERROR [Thread-0] root: Port already bound: 50007
2022-04-04 19:39:17,455 INFO  [Thread-0] root: Server stopped.
2022-04-04 19:40:14,411 INFO  [main] root: KVServer initialized on port 50007
2022-04-04 19:40:14,412 INFO  [Thread-0] root: Initializing server socket
2022-04-04 19:40:14,425 ERROR [Thread-0] root: Unable to open server socket
2022-04-04 19:40:14,425 ERROR [Thread-0] root: Port already bound: 50007
2022-04-04 19:40:14,426 INFO  [Thread-0] root: Server stopped.
2022-04-04 19:41:11,580 INFO  [main] root: KVServer initialized on port 50007
2022-04-04 19:41:11,583 INFO  [Thread-0] root: Initializing server socket
2022-04-04 19:41:11,602 ERROR [Thread-0] root: Unable to open server socket
2022-04-04 19:41:11,602 ERROR [Thread-0] root: Port already bound: 50007
2022-04-04 19:41:11,602 INFO  [Thread-0] root: Server stopped.
2022-04-04 19:42:08,738 INFO  [main] root: KVServer initialized on port 50007
2022-04-04 19:42:08,739 INFO  [Thread-0] root: Initializing server socket
2022-04-04 19:42:08,754 ERROR [Thread-0] root: Unable to open server socket
2022-04-04 19:42:08,754 ERROR [Thread-0] root: Port already bound: 50007
2022-04-04 19:42:08,754 INFO  [Thread-0] root: Server stopped.
2022-04-04 19:43:05,923 INFO  [main] root: KVServer initialized on port 50007
2022-04-04 19:43:05,924 INFO  [Thread-0] root: Initializing server socket
2022-04-04 19:43:05,938 ERROR [Thread-0] root: Unable to open server socket
2022-04-04 19:43:05,938 ERROR [Thread-0] root: Port already bound: 50007
2022-04-04 19:43:05,939 INFO  [Thread-0] root: Server stopped.
2022-04-04 19:44:03,077 INFO  [main] root: KVServer initialized on port 50007
2022-04-04 19:44:03,078 INFO  [Thread-0] root: Initializing server socket
2022-04-04 19:44:03,091 ERROR [Thread-0] root: Unable to open server socket
2022-04-04 19:44:03,091 ERROR [Thread-0] root: Port already bound: 50007
2022-04-04 19:44:03,092 INFO  [Thread-0] root: Server stopped.
2022-04-04 19:45:00,257 INFO  [main] root: KVServer initialized on port 50007
2022-04-04 19:45:00,259 INFO  [Thread-0] root: Initializing server socket
2022-04-04 19:45:00,270 ERROR [Thread-0] root: Unable to open server socket
2022-04-04 19:45:00,271 ERROR [Thread-0] root: Port already bound: 50007
2022-04-04 19:45:00,271 INFO  [Thread-0] root: Server stopped.
